Release 14.3 - xst P.40xd (lin64)
Copyright (c) 1995-2012 Xilinx, Inc.  All rights reserved.
--> 
Parameter TMPDIR set to xst/projnav.tmp


Total REAL time to Xst completion: 0.00 secs
Total CPU time to Xst completion: 0.05 secs
 
--> 
Parameter xsthdpdir set to xst


Total REAL time to Xst completion: 0.00 secs
Total CPU time to Xst completion: 0.05 secs
 
--> 
Reading design: alu.prj

TABLE OF CONTENTS
  1) Synthesis Options Summary
  2) HDL Parsing
  3) HDL Elaboration
  4) HDL Synthesis
       4.1) HDL Synthesis Report
  5) Advanced HDL Synthesis
       5.1) Advanced HDL Synthesis Report
  6) Low Level Synthesis
  7) Partition Report
  8) Design Summary
       8.1) Primitive and Black Box Usage
       8.2) Device utilization summary
       8.3) Partition Resource Summary
       8.4) Timing Report
            8.4.1) Clock Information
            8.4.2) Asynchronous Control Signals Information
            8.4.3) Timing Summary
            8.4.4) Timing Details
            8.4.5) Cross Clock Domains Report


=========================================================================
*                      Synthesis Options Summary                        *
=========================================================================
---- Source Parameters
Input File Name                    : "alu.prj"
Ignore Synthesis Constraint File   : NO

---- Target Parameters
Output File Name                   : "alu"
Output Format                      : NGC
Target Device                      : xa6slx9-3-ftg256

---- Source Options
Top Module Name                    : alu
Automatic FSM Extraction           : YES
FSM Encoding Algorithm             : Auto
Safe Implementation                : No
FSM Style                          : LUT
RAM Extraction                     : Yes
RAM Style                          : Auto
ROM Extraction                     : Yes
Shift Register Extraction          : YES
ROM Style                          : Auto
Resource Sharing                   : YES
Asynchronous To Synchronous        : NO
Shift Register Minimum Size        : 2
Use DSP Block                      : Auto
Automatic Register Balancing       : No

---- Target Options
LUT Combining                      : Auto
Reduce Control Sets                : Auto
Add IO Buffers                     : YES
Global Maximum Fanout              : 100000
Add Generic Clock Buffer(BUFG)     : 16
Register Duplication               : YES
Optimize Instantiated Primitives   : NO
Use Clock Enable                   : Auto
Use Synchronous Set                : Auto
Use Synchronous Reset              : Auto
Pack IO Registers into IOBs        : Auto
Equivalent register Removal        : YES

---- General Options
Optimization Goal                  : Speed
Optimization Effort                : 1
Power Reduction                    : NO
Keep Hierarchy                     : No
Netlist Hierarchy                  : As_Optimized
RTL Output                         : Yes
Global Optimization                : AllClockNets
Read Cores                         : YES
Write Timing Constraints           : NO
Cross Clock Analysis               : NO
Hierarchy Separator                : /
Bus Delimiter                      : <>
Case Specifier                     : Maintain
Slice Utilization Ratio            : 100
BRAM Utilization Ratio             : 100
DSP48 Utilization Ratio            : 100
Auto BRAM Packing                  : NO
Slice Utilization Ratio Delta      : 5

=========================================================================


=========================================================================
*                          HDL Parsing                                  *
=========================================================================
Parsing VHDL file "/home/s0lid/Sources/edu.fpga.xilinx/led_control/led_control/alu.vhf" into library work
Parsing entity <ADD8_HXILINX_alu>.
Parsing architecture <ADD8_HXILINX_alu_V> of entity <add8_hxilinx_alu>.
Parsing entity <D3_8E_HXILINX_alu>.
Parsing architecture <D3_8E_HXILINX_alu_V> of entity <d3_8e_hxilinx_alu>.
Parsing entity <OBUFT8_HXILINX_alu>.
Parsing architecture <OBUFT8_HXILINX_alu_V> of entity <obuft8_hxilinx_alu>.
Parsing entity <alu>.
Parsing architecture <BEHAVIORAL> of entity <alu>.

=========================================================================
*                            HDL Elaboration                            *
=========================================================================

Elaborating entity <alu> (architecture <BEHAVIORAL>) from library <work>.

Elaborating entity <D3_8E_HXILINX_alu> (architecture <D3_8E_HXILINX_alu_V>) from library <work>.
INFO:HDLCompiler:679 - "/home/s0lid/Sources/edu.fpga.xilinx/led_control/led_control/alu.vhf" Line 90. Case statement is complete. others clause is never selected

Elaborating entity <ADD8_HXILINX_alu> (architecture <ADD8_HXILINX_alu_V>) from library <work>.

Elaborating entity <OBUFT8_HXILINX_alu> (architecture <OBUFT8_HXILINX_alu_V>) from library <work>.
WARNING:HDLCompiler:634 - "/home/s0lid/Sources/edu.fpga.xilinx/led_control/led_control/alu.vhf" Line 156: Net <XLXI_1_A0_openSignal> does not have a driver.
WARNING:HDLCompiler:634 - "/home/s0lid/Sources/edu.fpga.xilinx/led_control/led_control/alu.vhf" Line 157: Net <XLXI_1_A1_openSignal> does not have a driver.
WARNING:HDLCompiler:634 - "/home/s0lid/Sources/edu.fpga.xilinx/led_control/led_control/alu.vhf" Line 158: Net <XLXI_1_A2_openSignal> does not have a driver.
WARNING:HDLCompiler:634 - "/home/s0lid/Sources/edu.fpga.xilinx/led_control/led_control/alu.vhf" Line 159: Net <XLXI_1_E_openSignal> does not have a driver.

=========================================================================
*                           HDL Synthesis                               *
=========================================================================

Synthesizing Unit <alu>.
    Related source file is "/home/s0lid/Sources/edu.fpga.xilinx/led_control/led_control/alu.vhf".
    Set property "HU_SET = XLXI_1_0" for instance <XLXI_1>.
    Set property "HU_SET = XLXI_2_1" for instance <XLXI_2>.
    Set property "HU_SET = XLXI_4_2" for instance <XLXI_4>.
    Set property "HU_SET = XLXI_7_3" for instance <XLXI_7>.
INFO:Xst:3210 - "/home/s0lid/Sources/edu.fpga.xilinx/led_control/led_control/alu.vhf" line 213: Output port <D2> of the instance <XLXI_1> is unconnected or connected to loadless signal.
INFO:Xst:3210 - "/home/s0lid/Sources/edu.fpga.xilinx/led_control/led_control/alu.vhf" line 213: Output port <D3> of the instance <XLXI_1> is unconnected or connected to loadless signal.
INFO:Xst:3210 - "/home/s0lid/Sources/edu.fpga.xilinx/led_control/led_control/alu.vhf" line 213: Output port <D4> of the instance <XLXI_1> is unconnected or connected to loadless signal.
INFO:Xst:3210 - "/home/s0lid/Sources/edu.fpga.xilinx/led_control/led_control/alu.vhf" line 213: Output port <D5> of the instance <XLXI_1> is unconnected or connected to loadless signal.
INFO:Xst:3210 - "/home/s0lid/Sources/edu.fpga.xilinx/led_control/led_control/alu.vhf" line 213: Output port <D6> of the instance <XLXI_1> is unconnected or connected to loadless signal.
INFO:Xst:3210 - "/home/s0lid/Sources/edu.fpga.xilinx/led_control/led_control/alu.vhf" line 213: Output port <D7> of the instance <XLXI_1> is unconnected or connected to loadless signal.
INFO:Xst:3210 - "/home/s0lid/Sources/edu.fpga.xilinx/led_control/led_control/alu.vhf" line 227: Output port <CO> of the instance <XLXI_2> is unconnected or connected to loadless signal.
INFO:Xst:3210 - "/home/s0lid/Sources/edu.fpga.xilinx/led_control/led_control/alu.vhf" line 227: Output port <OFL> of the instance <XLXI_2> is unconnected or connected to loadless signal.
WARNING:Xst:653 - Signal <XLXI_1_A0_openSignal> is used but never assigned. This sourceless signal will be automatically connected to value GND.
WARNING:Xst:653 - Signal <XLXI_1_A1_openSignal> is used but never assigned. This sourceless signal will be automatically connected to value GND.
WARNING:Xst:653 - Signal <XLXI_1_A2_openSignal> is used but never assigned. This sourceless signal will be automatically connected to value GND.
WARNING:Xst:653 - Signal <XLXI_1_E_openSignal> is used but never assigned. This sourceless signal will be automatically connected to value GND.
    Summary:
	no macro.
Unit <alu> synthesized.

Synthesizing Unit <D3_8E_HXILINX_alu>.
    Related source file is "/home/s0lid/Sources/edu.fpga.xilinx/led_control/led_control/alu.vhf".
    Summary:
	no macro.
Unit <D3_8E_HXILINX_alu> synthesized.

Synthesizing Unit <ADD8_HXILINX_alu>.
    Related source file is "/home/s0lid/Sources/edu.fpga.xilinx/led_control/led_control/alu.vhf".
    Found 9-bit adder for signal <n0022> created at line 42.
    Found 9-bit adder for signal <adder_tmp> created at line 42.
    Summary:
	inferred   2 Adder/Subtractor(s).
Unit <ADD8_HXILINX_alu> synthesized.

Synthesizing Unit <OBUFT8_HXILINX_alu>.
    Related source file is "/home/s0lid/Sources/edu.fpga.xilinx/led_control/led_control/alu.vhf".
    Found 1-bit tristate buffer for signal <O<7>> created at line 121
    Found 1-bit tristate buffer for signal <O<6>> created at line 121
    Found 1-bit tristate buffer for signal <O<5>> created at line 121
    Found 1-bit tristate buffer for signal <O<4>> created at line 121
    Found 1-bit tristate buffer for signal <O<3>> created at line 121
    Found 1-bit tristate buffer for signal <O<2>> created at line 121
    Found 1-bit tristate buffer for signal <O<1>> created at line 121
    Found 1-bit tristate buffer for signal <O<0>> created at line 121
    Summary:
	inferred   8 Tristate(s).
Unit <OBUFT8_HXILINX_alu> synthesized.

=========================================================================
HDL Synthesis Report

Macro Statistics
# Adders/Subtractors                                   : 2
 9-bit adder                                           : 2
# Tristates                                            : 16
 1-bit tristate buffer                                 : 16

=========================================================================

=========================================================================
*                       Advanced HDL Synthesis                          *
=========================================================================


=========================================================================
Advanced HDL Synthesis Report

Macro Statistics
# Adders/Subtractors                                   : 1
 9-bit adder carry in                                  : 1

=========================================================================

=========================================================================
*                         Low Level Synthesis                           *
=========================================================================
WARNING:Xst:2042 - Unit OBUFT8_HXILINX_alu: 8 internal tristates are replaced by logic (pull-up yes): O<0>, O<1>, O<2>, O<3>, O<4>, O<5>, O<6>, O<7>.
WARNING:Xst:1906 - Unit OBUFT8_HXILINX_alu is merged (output ports from interface drive multi-sources)

Optimizing unit <D3_8E_HXILINX_alu> ...

Optimizing unit <alu> ...

Optimizing unit <ADD8_HXILINX_alu> ...

Mapping all equations...
Building and optimizing final netlist ...
Found area constraint ratio of 100 (+ 5) on block alu, actual ratio is 0.

Final Macro Processing ...

=========================================================================
Final Register Report

Found no macro
=========================================================================

=========================================================================
*                           Partition Report                            *
=========================================================================

Partition Implementation Status
-------------------------------

  No Partitions were found in this design.

-------------------------------

=========================================================================
*                            Design Summary                             *
=========================================================================

Top Level Output File Name         : alu.ngc

Primitive and Black Box Usage:
------------------------------
# BELS                             : 44
#      BUF                         : 8
#      GND                         : 2
#      INV                         : 2
#      LUT2                        : 9
#      LUT4                        : 8
#      MUXCY                       : 7
#      XORCY                       : 8
# IO Buffers                       : 25
#      IBUF                        : 17
#      OBUFT                       : 8

Device utilization summary:
---------------------------

Selected Device : xa6slx9ftg256-3 


Slice Logic Utilization: 
 Number of Slice LUTs:                   19  out of   5720     0%  
    Number used as Logic:                19  out of   5720     0%  

Slice Logic Distribution: 
 Number of LUT Flip Flop pairs used:     19
   Number with an unused Flip Flop:      19  out of     19   100%  
   Number with an unused LUT:             0  out of     19     0%  
   Number of fully used LUT-FF pairs:     0  out of     19     0%  
   Number of unique control sets:         0

IO Utilization: 
 Number of IOs:                          25
 Number of bonded IOBs:                  25  out of    186    13%  

Specific Feature Utilization:

---------------------------
Partition Resource Summary:
---------------------------

  No Partitions were found in this design.

---------------------------


=========================================================================
Timing Report

NOTE: THESE TIMING NUMBERS ARE ONLY A SYNTHESIS ESTIMATE.
      FOR ACCURATE TIMING INFORMATION PLEASE REFER TO THE TRACE REPORT
      GENERATED AFTER PLACE-and-ROUTE.

Clock Information:
------------------
No clock signals found in this design

Asynchronous Control Signals Information:
----------------------------------------
No asynchronous control signals found in this design

Timing Summary:
---------------
Speed Grade: -3

   Minimum period: No path found
   Minimum input arrival time before clock: No path found
   Maximum output required time after clock: No path found
   Maximum combinational path delay: 6.569ns

Timing Details:
---------------
All values displayed in nanoseconds (ns)

=========================================================================
Timing constraint: Default path analysis
  Total number of paths / destination ports: 115 / 8
-------------------------------------------------------------------------
Delay:               6.569ns (Levels of Logic = 4)
  Source:            a<6> (PAD)
  Destination:       x<7> (PAD)

  Data Path: a<6> to x<7>
                                Gate     Net
    Cell:in->out      fanout   Delay   Delay  Logical Name (Net Name)
    ----------------------------------------  ------------
     IBUF:I->O             2   1.222   0.616  a_6_IBUF (a_6_IBUF)
     BUF:I->O              1   0.568   0.808  XLXI_19 (t<7>)
     LUT4:I1->O            1   0.205   0.579  x<7>_MLTSRCEDGELogicTrst1 (x<7>_MLTSRCEDGE)
     OBUFT:I->O                2.571          x_7_OBUFT (x<7>)
    ----------------------------------------
    Total                      6.569ns (4.566ns logic, 2.003ns route)
                                       (69.5% logic, 30.5% route)

=========================================================================

Cross Clock Domains Report:
--------------------------

=========================================================================


Total REAL time to Xst completion: 6.00 secs
Total CPU time to Xst completion: 5.68 secs
 
--> 


Total memory usage is 596424 kilobytes

Number of errors   :    0 (   0 filtered)
Number of warnings :   10 (   0 filtered)
Number of infos    :    8 (   0 filtered)

