--------------------------------------------------------------------------------
Release 14.3 Trace  (lin64)
Copyright (c) 1995-2012 Xilinx, Inc.  All rights reserved.

/opt/Xilinx/14.3/ISE_DS/ISE/bin/lin64/unwrapped/trce -intstyle ise -v 3 -s 3 -n
3 -fastpaths -xml cpu_facade.twx cpu_facade.ncd -o cpu_facade.twr
cpu_facade.pcf -ucf cpu_facade.ucf

Design file:              cpu_facade.ncd
Physical constraint file: cpu_facade.pcf
Device,package,speed:     xa6slx9,ftg256,I,-3 (PRODUCTION 1.23 2012-10-12)
Report level:             verbose report

Environment Variable      Effect 
--------------------      ------ 
NONE                      No environment variables were set
--------------------------------------------------------------------------------

INFO:Timing:3412 - To improve timing, see the Timing Closure User Guide (UG612).
INFO:Timing:2752 - To get complete path coverage, use the unconstrained paths 
   option. All paths that are not constrained will be reported in the 
   unconstrained paths section(s) of the report.
INFO:Timing:3339 - The clock-to-out numbers in this timing report are based on 
   a 50 Ohm transmission line loading model.  For the details of this model, 
   and for more information on accounting for different loading conditions, 
   please see the device datasheet.

================================================================================
Timing constraint: TS_sys_clk_pin = PERIOD TIMEGRP "sys_clk_pin" 50 MHz HIGH 
50%;
For more information, see Period Analysis in the Timing Closure User Guide (UG612).

 210 paths analyzed, 66 endpoints analyzed, 0 failing endpoints
 0 timing errors detected. (0 setup errors, 0 hold errors, 0 component switching limit errors)
 Minimum period is   3.043ns.
--------------------------------------------------------------------------------

Paths for end point XLXI_7/XLXI_917/COUNT_0 (SLICE_X10Y38.CE), 16 paths
--------------------------------------------------------------------------------
Slack (setup path):     16.957ns (requirement - (data path - clock path skew + uncertainty))
  Source:               XLXI_7/XLXI_914/COUNT_15 (FF)
  Destination:          XLXI_7/XLXI_917/COUNT_0 (FF)
  Requirement:          20.000ns
  Data Path Delay:      2.994ns (Levels of Logic = 2)
  Clock Path Skew:      -0.014ns (0.145 - 0.159)
  Source Clock:         in_clk_BUFGP rising at 0.000ns
  Destination Clock:    in_clk_BUFGP rising at 20.000ns
  Clock Uncertainty:    0.035ns

  Clock Uncertainty:          0.035ns  ((TSJ^2 + TIJ^2)^1/2 + DJ) / 2 + PE
    Total System Jitter (TSJ):  0.070ns
    Total Input Jitter (TIJ):   0.000ns
    Discrete Jitter (DJ):       0.000ns
    Phase Error (PE):           0.000ns

  Maximum Data Path at Slow Process Corner: XLXI_7/XLXI_914/COUNT_15 to XLXI_7/XLXI_917/COUNT_0
    Location             Delay type         Delay(ns)  Physical Resource
                                                       Logical Resource(s)
    -------------------------------------------------  -------------------
    SLICE_X10Y36.DQ      Tcko                  0.408   XLXI_7/XLXI_914/COUNT<15>
                                                       XLXI_7/XLXI_914/COUNT_15
    SLICE_X11Y35.C2      net (fanout=2)        0.594   XLXI_7/XLXI_914/COUNT<15>
    SLICE_X11Y35.C       Tilo                  0.259   XLXI_7/XLXI_914/TC<15>
                                                       XLXI_7/XLXI_914/TC<15>1
    SLICE_X11Y35.A2      net (fanout=1)        0.437   XLXI_7/XLXI_914/TC<15>
    SLICE_X11Y35.A       Tilo                  0.259   XLXI_7/XLXI_914/TC<15>
                                                       XLXI_7/XLXI_914/TC<15>3
    SLICE_X10Y38.CE      net (fanout=1)        0.635   XLXI_7/XLXN_235
    SLICE_X10Y38.CLK     Tceck                 0.402   XLXI_7/freq_div_1<3>
                                                       XLXI_7/XLXI_917/COUNT_0
    -------------------------------------------------  ---------------------------
    Total                                      2.994ns (1.328ns logic, 1.666ns route)
                                                       (44.4% logic, 55.6% route)

--------------------------------------------------------------------------------
Slack (setup path):     16.965ns (requirement - (data path - clock path skew + uncertainty))
  Source:               XLXI_7/XLXI_914/COUNT_14 (FF)
  Destination:          XLXI_7/XLXI_917/COUNT_0 (FF)
  Requirement:          20.000ns
  Data Path Delay:      2.986ns (Levels of Logic = 2)
  Clock Path Skew:      -0.014ns (0.145 - 0.159)
  Source Clock:         in_clk_BUFGP rising at 0.000ns
  Destination Clock:    in_clk_BUFGP rising at 20.000ns
  Clock Uncertainty:    0.035ns

  Clock Uncertainty:          0.035ns  ((TSJ^2 + TIJ^2)^1/2 + DJ) / 2 + PE
    Total System Jitter (TSJ):  0.070ns
    Total Input Jitter (TIJ):   0.000ns
    Discrete Jitter (DJ):       0.000ns
    Phase Error (PE):           0.000ns

  Maximum Data Path at Slow Process Corner: XLXI_7/XLXI_914/COUNT_14 to XLXI_7/XLXI_917/COUNT_0
    Location             Delay type         Delay(ns)  Physical Resource
                                                       Logical Resource(s)
    -------------------------------------------------  -------------------
    SLICE_X10Y36.CQ      Tcko                  0.408   XLXI_7/XLXI_914/COUNT<15>
                                                       XLXI_7/XLXI_914/COUNT_14
    SLICE_X11Y35.C1      net (fanout=2)        0.586   XLXI_7/XLXI_914/COUNT<14>
    SLICE_X11Y35.C       Tilo                  0.259   XLXI_7/XLXI_914/TC<15>
                                                       XLXI_7/XLXI_914/TC<15>1
    SLICE_X11Y35.A2      net (fanout=1)        0.437   XLXI_7/XLXI_914/TC<15>
    SLICE_X11Y35.A       Tilo                  0.259   XLXI_7/XLXI_914/TC<15>
                                                       XLXI_7/XLXI_914/TC<15>3
    SLICE_X10Y38.CE      net (fanout=1)        0.635   XLXI_7/XLXN_235
    SLICE_X10Y38.CLK     Tceck                 0.402   XLXI_7/freq_div_1<3>
                                                       XLXI_7/XLXI_917/COUNT_0
    -------------------------------------------------  ---------------------------
    Total                                      2.986ns (1.328ns logic, 1.658ns route)
                                                       (44.5% logic, 55.5% route)

--------------------------------------------------------------------------------
Slack (setup path):     17.089ns (requirement - (data path - clock path skew + uncertainty))
  Source:               XLXI_7/XLXI_914/COUNT_13 (FF)
  Destination:          XLXI_7/XLXI_917/COUNT_0 (FF)
  Requirement:          20.000ns
  Data Path Delay:      2.862ns (Levels of Logic = 2)
  Clock Path Skew:      -0.014ns (0.145 - 0.159)
  Source Clock:         in_clk_BUFGP rising at 0.000ns
  Destination Clock:    in_clk_BUFGP rising at 20.000ns
  Clock Uncertainty:    0.035ns

  Clock Uncertainty:          0.035ns  ((TSJ^2 + TIJ^2)^1/2 + DJ) / 2 + PE
    Total System Jitter (TSJ):  0.070ns
    Total Input Jitter (TIJ):   0.000ns
    Discrete Jitter (DJ):       0.000ns
    Phase Error (PE):           0.000ns

  Maximum Data Path at Slow Process Corner: XLXI_7/XLXI_914/COUNT_13 to XLXI_7/XLXI_917/COUNT_0
    Location             Delay type         Delay(ns)  Physical Resource
                                                       Logical Resource(s)
    -------------------------------------------------  -------------------
    SLICE_X10Y36.BQ      Tcko                  0.408   XLXI_7/XLXI_914/COUNT<15>
                                                       XLXI_7/XLXI_914/COUNT_13
    SLICE_X11Y35.C4      net (fanout=2)        0.462   XLXI_7/XLXI_914/COUNT<13>
    SLICE_X11Y35.C       Tilo                  0.259   XLXI_7/XLXI_914/TC<15>
                                                       XLXI_7/XLXI_914/TC<15>1
    SLICE_X11Y35.A2      net (fanout=1)        0.437   XLXI_7/XLXI_914/TC<15>
    SLICE_X11Y35.A       Tilo                  0.259   XLXI_7/XLXI_914/TC<15>
                                                       XLXI_7/XLXI_914/TC<15>3
    SLICE_X10Y38.CE      net (fanout=1)        0.635   XLXI_7/XLXN_235
    SLICE_X10Y38.CLK     Tceck                 0.402   XLXI_7/freq_div_1<3>
                                                       XLXI_7/XLXI_917/COUNT_0
    -------------------------------------------------  ---------------------------
    Total                                      2.862ns (1.328ns logic, 1.534ns route)
                                                       (46.4% logic, 53.6% route)

--------------------------------------------------------------------------------

Paths for end point XLXI_7/XLXI_917/COUNT_3 (SLICE_X10Y38.CE), 16 paths
--------------------------------------------------------------------------------
Slack (setup path):     16.977ns (requirement - (data path - clock path skew + uncertainty))
  Source:               XLXI_7/XLXI_914/COUNT_15 (FF)
  Destination:          XLXI_7/XLXI_917/COUNT_3 (FF)
  Requirement:          20.000ns
  Data Path Delay:      2.974ns (Levels of Logic = 2)
  Clock Path Skew:      -0.014ns (0.145 - 0.159)
  Source Clock:         in_clk_BUFGP rising at 0.000ns
  Destination Clock:    in_clk_BUFGP rising at 20.000ns
  Clock Uncertainty:    0.035ns

  Clock Uncertainty:          0.035ns  ((TSJ^2 + TIJ^2)^1/2 + DJ) / 2 + PE
    Total System Jitter (TSJ):  0.070ns
    Total Input Jitter (TIJ):   0.000ns
    Discrete Jitter (DJ):       0.000ns
    Phase Error (PE):           0.000ns

  Maximum Data Path at Slow Process Corner: XLXI_7/XLXI_914/COUNT_15 to XLXI_7/XLXI_917/COUNT_3
    Location             Delay type         Delay(ns)  Physical Resource
                                                       Logical Resource(s)
    -------------------------------------------------  -------------------
    SLICE_X10Y36.DQ      Tcko                  0.408   XLXI_7/XLXI_914/COUNT<15>
                                                       XLXI_7/XLXI_914/COUNT_15
    SLICE_X11Y35.C2      net (fanout=2)        0.594   XLXI_7/XLXI_914/COUNT<15>
    SLICE_X11Y35.C       Tilo                  0.259   XLXI_7/XLXI_914/TC<15>
                                                       XLXI_7/XLXI_914/TC<15>1
    SLICE_X11Y35.A2      net (fanout=1)        0.437   XLXI_7/XLXI_914/TC<15>
    SLICE_X11Y35.A       Tilo                  0.259   XLXI_7/XLXI_914/TC<15>
                                                       XLXI_7/XLXI_914/TC<15>3
    SLICE_X10Y38.CE      net (fanout=1)        0.635   XLXI_7/XLXN_235
    SLICE_X10Y38.CLK     Tceck                 0.382   XLXI_7/freq_div_1<3>
                                                       XLXI_7/XLXI_917/COUNT_3
    -------------------------------------------------  ---------------------------
    Total                                      2.974ns (1.308ns logic, 1.666ns route)
                                                       (44.0% logic, 56.0% route)

--------------------------------------------------------------------------------
Slack (setup path):     16.985ns (requirement - (data path - clock path skew + uncertainty))
  Source:               XLXI_7/XLXI_914/COUNT_14 (FF)
  Destination:          XLXI_7/XLXI_917/COUNT_3 (FF)
  Requirement:          20.000ns
  Data Path Delay:      2.966ns (Levels of Logic = 2)
  Clock Path Skew:      -0.014ns (0.145 - 0.159)
  Source Clock:         in_clk_BUFGP rising at 0.000ns
  Destination Clock:    in_clk_BUFGP rising at 20.000ns
  Clock Uncertainty:    0.035ns

  Clock Uncertainty:          0.035ns  ((TSJ^2 + TIJ^2)^1/2 + DJ) / 2 + PE
    Total System Jitter (TSJ):  0.070ns
    Total Input Jitter (TIJ):   0.000ns
    Discrete Jitter (DJ):       0.000ns
    Phase Error (PE):           0.000ns

  Maximum Data Path at Slow Process Corner: XLXI_7/XLXI_914/COUNT_14 to XLXI_7/XLXI_917/COUNT_3
    Location             Delay type         Delay(ns)  Physical Resource
                                                       Logical Resource(s)
    -------------------------------------------------  -------------------
    SLICE_X10Y36.CQ      Tcko                  0.408   XLXI_7/XLXI_914/COUNT<15>
                                                       XLXI_7/XLXI_914/COUNT_14
    SLICE_X11Y35.C1      net (fanout=2)        0.586   XLXI_7/XLXI_914/COUNT<14>
    SLICE_X11Y35.C       Tilo                  0.259   XLXI_7/XLXI_914/TC<15>
                                                       XLXI_7/XLXI_914/TC<15>1
    SLICE_X11Y35.A2      net (fanout=1)        0.437   XLXI_7/XLXI_914/TC<15>
    SLICE_X11Y35.A       Tilo                  0.259   XLXI_7/XLXI_914/TC<15>
                                                       XLXI_7/XLXI_914/TC<15>3
    SLICE_X10Y38.CE      net (fanout=1)        0.635   XLXI_7/XLXN_235
    SLICE_X10Y38.CLK     Tceck                 0.382   XLXI_7/freq_div_1<3>
                                                       XLXI_7/XLXI_917/COUNT_3
    -------------------------------------------------  ---------------------------
    Total                                      2.966ns (1.308ns logic, 1.658ns route)
                                                       (44.1% logic, 55.9% route)

--------------------------------------------------------------------------------
Slack (setup path):     17.109ns (requirement - (data path - clock path skew + uncertainty))
  Source:               XLXI_7/XLXI_914/COUNT_13 (FF)
  Destination:          XLXI_7/XLXI_917/COUNT_3 (FF)
  Requirement:          20.000ns
  Data Path Delay:      2.842ns (Levels of Logic = 2)
  Clock Path Skew:      -0.014ns (0.145 - 0.159)
  Source Clock:         in_clk_BUFGP rising at 0.000ns
  Destination Clock:    in_clk_BUFGP rising at 20.000ns
  Clock Uncertainty:    0.035ns

  Clock Uncertainty:          0.035ns  ((TSJ^2 + TIJ^2)^1/2 + DJ) / 2 + PE
    Total System Jitter (TSJ):  0.070ns
    Total Input Jitter (TIJ):   0.000ns
    Discrete Jitter (DJ):       0.000ns
    Phase Error (PE):           0.000ns

  Maximum Data Path at Slow Process Corner: XLXI_7/XLXI_914/COUNT_13 to XLXI_7/XLXI_917/COUNT_3
    Location             Delay type         Delay(ns)  Physical Resource
                                                       Logical Resource(s)
    -------------------------------------------------  -------------------
    SLICE_X10Y36.BQ      Tcko                  0.408   XLXI_7/XLXI_914/COUNT<15>
                                                       XLXI_7/XLXI_914/COUNT_13
    SLICE_X11Y35.C4      net (fanout=2)        0.462   XLXI_7/XLXI_914/COUNT<13>
    SLICE_X11Y35.C       Tilo                  0.259   XLXI_7/XLXI_914/TC<15>
                                                       XLXI_7/XLXI_914/TC<15>1
    SLICE_X11Y35.A2      net (fanout=1)        0.437   XLXI_7/XLXI_914/TC<15>
    SLICE_X11Y35.A       Tilo                  0.259   XLXI_7/XLXI_914/TC<15>
                                                       XLXI_7/XLXI_914/TC<15>3
    SLICE_X10Y38.CE      net (fanout=1)        0.635   XLXI_7/XLXN_235
    SLICE_X10Y38.CLK     Tceck                 0.382   XLXI_7/freq_div_1<3>
                                                       XLXI_7/XLXI_917/COUNT_3
    -------------------------------------------------  ---------------------------
    Total                                      2.842ns (1.308ns logic, 1.534ns route)
                                                       (46.0% logic, 54.0% route)

--------------------------------------------------------------------------------

Paths for end point XLXI_7/XLXI_917/COUNT_2 (SLICE_X10Y38.CE), 16 paths
--------------------------------------------------------------------------------
Slack (setup path):     16.978ns (requirement - (data path - clock path skew + uncertainty))
  Source:               XLXI_7/XLXI_914/COUNT_15 (FF)
  Destination:          XLXI_7/XLXI_917/COUNT_2 (FF)
  Requirement:          20.000ns
  Data Path Delay:      2.973ns (Levels of Logic = 2)
  Clock Path Skew:      -0.014ns (0.145 - 0.159)
  Source Clock:         in_clk_BUFGP rising at 0.000ns
  Destination Clock:    in_clk_BUFGP rising at 20.000ns
  Clock Uncertainty:    0.035ns

  Clock Uncertainty:          0.035ns  ((TSJ^2 + TIJ^2)^1/2 + DJ) / 2 + PE
    Total System Jitter (TSJ):  0.070ns
    Total Input Jitter (TIJ):   0.000ns
    Discrete Jitter (DJ):       0.000ns
    Phase Error (PE):           0.000ns

  Maximum Data Path at Slow Process Corner: XLXI_7/XLXI_914/COUNT_15 to XLXI_7/XLXI_917/COUNT_2
    Location             Delay type         Delay(ns)  Physical Resource
                                                       Logical Resource(s)
    -------------------------------------------------  -------------------
    SLICE_X10Y36.DQ      Tcko                  0.408   XLXI_7/XLXI_914/COUNT<15>
                                                       XLXI_7/XLXI_914/COUNT_15
    SLICE_X11Y35.C2      net (fanout=2)        0.594   XLXI_7/XLXI_914/COUNT<15>
    SLICE_X11Y35.C       Tilo                  0.259   XLXI_7/XLXI_914/TC<15>
                                                       XLXI_7/XLXI_914/TC<15>1
    SLICE_X11Y35.A2      net (fanout=1)        0.437   XLXI_7/XLXI_914/TC<15>
    SLICE_X11Y35.A       Tilo                  0.259   XLXI_7/XLXI_914/TC<15>
                                                       XLXI_7/XLXI_914/TC<15>3
    SLICE_X10Y38.CE      net (fanout=1)        0.635   XLXI_7/XLXN_235
    SLICE_X10Y38.CLK     Tceck                 0.381   XLXI_7/freq_div_1<3>
                                                       XLXI_7/XLXI_917/COUNT_2
    -------------------------------------------------  ---------------------------
    Total                                      2.973ns (1.307ns logic, 1.666ns route)
                                                       (44.0% logic, 56.0% route)

--------------------------------------------------------------------------------
Slack (setup path):     16.986ns (requirement - (data path - clock path skew + uncertainty))
  Source:               XLXI_7/XLXI_914/COUNT_14 (FF)
  Destination:          XLXI_7/XLXI_917/COUNT_2 (FF)
  Requirement:          20.000ns
  Data Path Delay:      2.965ns (Levels of Logic = 2)
  Clock Path Skew:      -0.014ns (0.145 - 0.159)
  Source Clock:         in_clk_BUFGP rising at 0.000ns
  Destination Clock:    in_clk_BUFGP rising at 20.000ns
  Clock Uncertainty:    0.035ns

  Clock Uncertainty:          0.035ns  ((TSJ^2 + TIJ^2)^1/2 + DJ) / 2 + PE
    Total System Jitter (TSJ):  0.070ns
    Total Input Jitter (TIJ):   0.000ns
    Discrete Jitter (DJ):       0.000ns
    Phase Error (PE):           0.000ns

  Maximum Data Path at Slow Process Corner: XLXI_7/XLXI_914/COUNT_14 to XLXI_7/XLXI_917/COUNT_2
    Location             Delay type         Delay(ns)  Physical Resource
                                                       Logical Resource(s)
    -------------------------------------------------  -------------------
    SLICE_X10Y36.CQ      Tcko                  0.408   XLXI_7/XLXI_914/COUNT<15>
                                                       XLXI_7/XLXI_914/COUNT_14
    SLICE_X11Y35.C1      net (fanout=2)        0.586   XLXI_7/XLXI_914/COUNT<14>
    SLICE_X11Y35.C       Tilo                  0.259   XLXI_7/XLXI_914/TC<15>
                                                       XLXI_7/XLXI_914/TC<15>1
    SLICE_X11Y35.A2      net (fanout=1)        0.437   XLXI_7/XLXI_914/TC<15>
    SLICE_X11Y35.A       Tilo                  0.259   XLXI_7/XLXI_914/TC<15>
                                                       XLXI_7/XLXI_914/TC<15>3
    SLICE_X10Y38.CE      net (fanout=1)        0.635   XLXI_7/XLXN_235
    SLICE_X10Y38.CLK     Tceck                 0.381   XLXI_7/freq_div_1<3>
                                                       XLXI_7/XLXI_917/COUNT_2
    -------------------------------------------------  ---------------------------
    Total                                      2.965ns (1.307ns logic, 1.658ns route)
                                                       (44.1% logic, 55.9% route)

--------------------------------------------------------------------------------
Slack (setup path):     17.110ns (requirement - (data path - clock path skew + uncertainty))
  Source:               XLXI_7/XLXI_914/COUNT_13 (FF)
  Destination:          XLXI_7/XLXI_917/COUNT_2 (FF)
  Requirement:          20.000ns
  Data Path Delay:      2.841ns (Levels of Logic = 2)
  Clock Path Skew:      -0.014ns (0.145 - 0.159)
  Source Clock:         in_clk_BUFGP rising at 0.000ns
  Destination Clock:    in_clk_BUFGP rising at 20.000ns
  Clock Uncertainty:    0.035ns

  Clock Uncertainty:          0.035ns  ((TSJ^2 + TIJ^2)^1/2 + DJ) / 2 + PE
    Total System Jitter (TSJ):  0.070ns
    Total Input Jitter (TIJ):   0.000ns
    Discrete Jitter (DJ):       0.000ns
    Phase Error (PE):           0.000ns

  Maximum Data Path at Slow Process Corner: XLXI_7/XLXI_914/COUNT_13 to XLXI_7/XLXI_917/COUNT_2
    Location             Delay type         Delay(ns)  Physical Resource
                                                       Logical Resource(s)
    -------------------------------------------------  -------------------
    SLICE_X10Y36.BQ      Tcko                  0.408   XLXI_7/XLXI_914/COUNT<15>
                                                       XLXI_7/XLXI_914/COUNT_13
    SLICE_X11Y35.C4      net (fanout=2)        0.462   XLXI_7/XLXI_914/COUNT<13>
    SLICE_X11Y35.C       Tilo                  0.259   XLXI_7/XLXI_914/TC<15>
                                                       XLXI_7/XLXI_914/TC<15>1
    SLICE_X11Y35.A2      net (fanout=1)        0.437   XLXI_7/XLXI_914/TC<15>
    SLICE_X11Y35.A       Tilo                  0.259   XLXI_7/XLXI_914/TC<15>
                                                       XLXI_7/XLXI_914/TC<15>3
    SLICE_X10Y38.CE      net (fanout=1)        0.635   XLXI_7/XLXN_235
    SLICE_X10Y38.CLK     Tceck                 0.381   XLXI_7/freq_div_1<3>
                                                       XLXI_7/XLXI_917/COUNT_2
    -------------------------------------------------  ---------------------------
    Total                                      2.841ns (1.307ns logic, 1.534ns route)
                                                       (46.0% logic, 54.0% route)

--------------------------------------------------------------------------------

Hold Paths: TS_sys_clk_pin = PERIOD TIMEGRP "sys_clk_pin" 50 MHz HIGH 50%;
--------------------------------------------------------------------------------

Paths for end point XLXI_7/XLXI_917/COUNT_3 (SLICE_X10Y38.D6), 1 path
--------------------------------------------------------------------------------
Slack (hold path):      0.458ns (requirement - (clock path skew + uncertainty - data path))
  Source:               XLXI_7/XLXI_917/COUNT_3 (FF)
  Destination:          XLXI_7/XLXI_917/COUNT_3 (FF)
  Requirement:          0.000ns
  Data Path Delay:      0.458ns (Levels of Logic = 1)
  Clock Path Skew:      0.000ns
  Source Clock:         in_clk_BUFGP rising at 20.000ns
  Destination Clock:    in_clk_BUFGP rising at 20.000ns
  Clock Uncertainty:    0.000ns

  Minimum Data Path at Fast Process Corner: XLXI_7/XLXI_917/COUNT_3 to XLXI_7/XLXI_917/COUNT_3
    Location             Delay type         Delay(ns)  Physical Resource
                                                       Logical Resource(s)
    -------------------------------------------------  -------------------
    SLICE_X10Y38.DQ      Tcko                  0.200   XLXI_7/freq_div_1<3>
                                                       XLXI_7/XLXI_917/COUNT_3
    SLICE_X10Y38.D6      net (fanout=2)        0.021   XLXI_7/freq_div_1<3>
    SLICE_X10Y38.CLK     Tah         (-Th)    -0.237   XLXI_7/freq_div_1<3>
                                                       XLXI_7/freq_div_1<3>_rt
                                                       XLXI_7/XLXI_917/Mcount_COUNT_xor<3>
                                                       XLXI_7/XLXI_917/COUNT_3
    -------------------------------------------------  ---------------------------
    Total                                      0.458ns (0.437ns logic, 0.021ns route)
                                                       (95.4% logic, 4.6% route)

--------------------------------------------------------------------------------

Paths for end point XLXI_7/XLXI_914/COUNT_15 (SLICE_X10Y36.D6), 1 path
--------------------------------------------------------------------------------
Slack (hold path):      0.459ns (requirement - (clock path skew + uncertainty - data path))
  Source:               XLXI_7/XLXI_914/COUNT_15 (FF)
  Destination:          XLXI_7/XLXI_914/COUNT_15 (FF)
  Requirement:          0.000ns
  Data Path Delay:      0.459ns (Levels of Logic = 1)
  Clock Path Skew:      0.000ns
  Source Clock:         in_clk_BUFGP rising at 20.000ns
  Destination Clock:    in_clk_BUFGP rising at 20.000ns
  Clock Uncertainty:    0.000ns

  Minimum Data Path at Fast Process Corner: XLXI_7/XLXI_914/COUNT_15 to XLXI_7/XLXI_914/COUNT_15
    Location             Delay type         Delay(ns)  Physical Resource
                                                       Logical Resource(s)
    -------------------------------------------------  -------------------
    SLICE_X10Y36.DQ      Tcko                  0.200   XLXI_7/XLXI_914/COUNT<15>
                                                       XLXI_7/XLXI_914/COUNT_15
    SLICE_X10Y36.D6      net (fanout=2)        0.022   XLXI_7/XLXI_914/COUNT<15>
    SLICE_X10Y36.CLK     Tah         (-Th)    -0.237   XLXI_7/XLXI_914/COUNT<15>
                                                       XLXI_7/XLXI_914/COUNT<15>_rt
                                                       XLXI_7/XLXI_914/Mcount_COUNT_xor<15>
                                                       XLXI_7/XLXI_914/COUNT_15
    -------------------------------------------------  ---------------------------
    Total                                      0.459ns (0.437ns logic, 0.022ns route)
                                                       (95.2% logic, 4.8% route)

--------------------------------------------------------------------------------

Paths for end point XLXI_7/XLXI_917/COUNT_1 (SLICE_X10Y38.B5), 1 path
--------------------------------------------------------------------------------
Slack (hold path):      0.504ns (requirement - (clock path skew + uncertainty - data path))
  Source:               XLXI_7/XLXI_917/COUNT_1 (FF)
  Destination:          XLXI_7/XLXI_917/COUNT_1 (FF)
  Requirement:          0.000ns
  Data Path Delay:      0.504ns (Levels of Logic = 1)
  Clock Path Skew:      0.000ns
  Source Clock:         in_clk_BUFGP rising at 20.000ns
  Destination Clock:    in_clk_BUFGP rising at 20.000ns
  Clock Uncertainty:    0.000ns

  Minimum Data Path at Fast Process Corner: XLXI_7/XLXI_917/COUNT_1 to XLXI_7/XLXI_917/COUNT_1
    Location             Delay type         Delay(ns)  Physical Resource
                                                       Logical Resource(s)
    -------------------------------------------------  -------------------
    SLICE_X10Y38.BQ      Tcko                  0.200   XLXI_7/freq_div_1<3>
                                                       XLXI_7/XLXI_917/COUNT_1
    SLICE_X10Y38.B5      net (fanout=1)        0.070   XLXI_7/XLXI_917/COUNT<1>
    SLICE_X10Y38.CLK     Tah         (-Th)    -0.234   XLXI_7/freq_div_1<3>
                                                       XLXI_7/XLXI_917/COUNT<1>_rt
                                                       XLXI_7/XLXI_917/Mcount_COUNT_xor<3>
                                                       XLXI_7/XLXI_917/COUNT_1
    -------------------------------------------------  ---------------------------
    Total                                      0.504ns (0.434ns logic, 0.070ns route)
                                                       (86.1% logic, 13.9% route)

--------------------------------------------------------------------------------

Component Switching Limit Checks: TS_sys_clk_pin = PERIOD TIMEGRP "sys_clk_pin" 50 MHz HIGH 50%;
--------------------------------------------------------------------------------
Slack: 18.270ns (period - min period limit)
  Period: 20.000ns
  Min period limit: 1.730ns (578.035MHz) (Tbcper_I)
  Physical resource: in_clk_BUFGP/BUFG/I0
  Logical resource: in_clk_BUFGP/BUFG/I0
  Location pin: BUFGMUX_X3Y13.I0
  Clock network: in_clk_BUFGP/IBUFG
--------------------------------------------------------------------------------
Slack: 19.570ns (period - min period limit)
  Period: 20.000ns
  Min period limit: 0.430ns (2325.581MHz) (Tcp)
  Physical resource: XLXI_7/XLXI_914/COUNT<3>/CLK
  Logical resource: XLXI_7/XLXI_914/COUNT_0/CK
  Location pin: SLICE_X10Y33.CLK
  Clock network: in_clk_BUFGP
--------------------------------------------------------------------------------
Slack: 19.570ns (period - (min high pulse limit / (high pulse / period)))
  Period: 20.000ns
  High pulse: 10.000ns
  High pulse limit: 0.215ns (Trpw)
  Physical resource: XLXI_7/XLXI_914/COUNT<3>/SR
  Logical resource: XLXI_7/XLXI_914/COUNT_0/SR
  Location pin: SLICE_X10Y33.SR
  Clock network: XLXI_7/rst
--------------------------------------------------------------------------------


All constraints were met.


Data Sheet report:
-----------------
All values displayed in nanoseconds (ns)

Clock to Setup on destination clock in_clk
---------------+---------+---------+---------+---------+
               | Src:Rise| Src:Fall| Src:Rise| Src:Fall|
Source Clock   |Dest:Rise|Dest:Rise|Dest:Fall|Dest:Fall|
---------------+---------+---------+---------+---------+
in_clk         |    3.043|         |         |         |
---------------+---------+---------+---------+---------+


Timing summary:
---------------

Timing errors: 0  Score: 0  (Setup/Max: 0, Hold: 0)

Constraints cover 210 paths, 0 nets, and 48 connections

Design statistics:
   Minimum period:   3.043ns{1}   (Maximum frequency: 328.623MHz)


------------------------------------Footnotes-----------------------------------
1)  The minimum period statistic assumes all single cycle delays.

Analysis completed Sun May 22 16:55:47 2022 
--------------------------------------------------------------------------------

Trace Settings:
-------------------------
Trace Settings 

Peak Memory Usage: 378 MB



