ISim log file
Running: /home/s0lid/Sources/edu.fpga.xilinx.cpu.8bit/cpu/cpu_cpu_sch_tb_isim_beh.exe -intstyle ise -gui -tclbatch isim.cmd -wdb /home/s0lid/Sources/edu.fpga.xilinx.cpu.8bit/cpu/cpu_cpu_sch_tb_isim_beh1.wdb 
INFO: There is another simulation running in the same directory. Using database file name isim1.wdb.
ISim P.40xd (signature 0xfbc00daa)
This is a Full version of ISim.
Time resolution is 1 ps
# onerror resume
# wave add /
# run 60 s
Simulator is doing circuit initialization process.
at 0 ps, Instance /cpu_cpu_sch_tb/UUT/alu_inst/XLXI_2/ : Warning: There is an 'U'|'X'|'W'|'Z'|'-' in an arithmetic operand, the result will be 'X'(es).
at 0 ps, Instance /cpu_cpu_sch_tb/UUT/alu_inst/XLXI_2/ : Warning: CONV_INTEGER: There is an 'U'|'X'|'W'|'Z'|'-' in an arithmetic operand, and it has been converted to 0.
at 0 ps, Instance /cpu_cpu_sch_tb/UUT/alu_inst/XLXI_2/ : Warning: CONV_INTEGER: There is an 'U'|'X'|'W'|'Z'|'-' in an arithmetic operand, and it has been converted to 0.
at 0 ps, Instance /cpu_cpu_sch_tb/UUT/alu_inst/XLXI_2/ : Warning: CONV_INTEGER: There is an 'U'|'X'|'W'|'Z'|'-' in an arithmetic operand, and it has been converted to 0.
Finished circuit initialization process.
at 0 ps, Instance /cpu_cpu_sch_tb/UUT/alu_inst/XLXI_2/ : Warning: CONV_INTEGER: There is an 'U'|'X'|'W'|'Z'|'-' in an arithmetic operand, and it has been converted to 0.
at 0 ps, Instance /cpu_cpu_sch_tb/UUT/alu_inst/XLXI_2/ : Warning: CONV_INTEGER: There is an 'U'|'X'|'W'|'Z'|'-' in an arithmetic operand, and it has been converted to 0.
at 0 ps, Instance /cpu_cpu_sch_tb/UUT/alu_inst/XLXI_2/ : Warning: CONV_INTEGER: There is an 'U'|'X'|'W'|'Z'|'-' in an arithmetic operand, and it has been converted to 0.
at 0 ps, Instance /cpu_cpu_sch_tb/UUT/alu_inst/XLXI_2/ : Warning: CONV_INTEGER: There is an 'U'|'X'|'W'|'Z'|'-' in an arithmetic operand, and it has been converted to 0.
at 0 ps, Instance /cpu_cpu_sch_tb/UUT/alu_inst/XLXI_2/ : Warning: CONV_INTEGER: There is an 'U'|'X'|'W'|'Z'|'-' in an arithmetic operand, and it has been converted to 0.
at 0 ps, Instance /cpu_cpu_sch_tb/UUT/alu_inst/XLXI_2/ : Warning: CONV_INTEGER: There is an 'U'|'X'|'W'|'Z'|'-' in an arithmetic operand, and it has been converted to 0.
# exit 0
# exit 0
