Release 14.3 - xst P.40xd (lin64)
Copyright (c) 1995-2012 Xilinx, Inc.  All rights reserved.
--> 
Parameter TMPDIR set to xst/projnav.tmp


Total REAL time to Xst completion: 0.00 secs
Total CPU time to Xst completion: 0.05 secs
 
--> 
Parameter xsthdpdir set to xst


Total REAL time to Xst completion: 0.00 secs
Total CPU time to Xst completion: 0.05 secs
 
--> 
Reading design: usart_tramnsmitter.prj

TABLE OF CONTENTS
  1) Synthesis Options Summary
  2) HDL Parsing
  3) HDL Elaboration
  4) HDL Synthesis
       4.1) HDL Synthesis Report
  5) Advanced HDL Synthesis
       5.1) Advanced HDL Synthesis Report
  6) Low Level Synthesis
  7) Partition Report
  8) Design Summary
       8.1) Primitive and Black Box Usage
       8.2) Device utilization summary
       8.3) Partition Resource Summary
       8.4) Timing Report
            8.4.1) Clock Information
            8.4.2) Asynchronous Control Signals Information
            8.4.3) Timing Summary
            8.4.4) Timing Details
            8.4.5) Cross Clock Domains Report


=========================================================================
*                      Synthesis Options Summary                        *
=========================================================================
---- Source Parameters
Input File Name                    : "usart_tramnsmitter.prj"
Ignore Synthesis Constraint File   : NO

---- Target Parameters
Output File Name                   : "usart_tramnsmitter"
Output Format                      : NGC
Target Device                      : xa6slx9-3-ftg256

---- Source Options
Top Module Name                    : usart_tramnsmitter
Automatic FSM Extraction           : YES
FSM Encoding Algorithm             : Auto
Safe Implementation                : No
FSM Style                          : LUT
RAM Extraction                     : Yes
RAM Style                          : Auto
ROM Extraction                     : Yes
Shift Register Extraction          : YES
ROM Style                          : Auto
Resource Sharing                   : YES
Asynchronous To Synchronous        : NO
Shift Register Minimum Size        : 2
Use DSP Block                      : Auto
Automatic Register Balancing       : No

---- Target Options
LUT Combining                      : Auto
Reduce Control Sets                : Auto
Add IO Buffers                     : YES
Global Maximum Fanout              : 100000
Add Generic Clock Buffer(BUFG)     : 16
Register Duplication               : YES
Optimize Instantiated Primitives   : NO
Use Clock Enable                   : Auto
Use Synchronous Set                : Auto
Use Synchronous Reset              : Auto
Pack IO Registers into IOBs        : Auto
Equivalent register Removal        : YES

---- General Options
Optimization Goal                  : Speed
Optimization Effort                : 1
Power Reduction                    : NO
Keep Hierarchy                     : No
Netlist Hierarchy                  : As_Optimized
RTL Output                         : Yes
Global Optimization                : AllClockNets
Read Cores                         : YES
Write Timing Constraints           : NO
Cross Clock Analysis               : NO
Hierarchy Separator                : /
Bus Delimiter                      : <>
Case Specifier                     : Maintain
Slice Utilization Ratio            : 100
BRAM Utilization Ratio             : 100
DSP48 Utilization Ratio            : 100
Auto BRAM Packing                  : NO
Slice Utilization Ratio Delta      : 5

=========================================================================


=========================================================================
*                          HDL Parsing                                  *
=========================================================================
Parsing VHDL file "/home/s0lid/Sources/edu.fpga.xilinx.cpu.8bit/cpu/usart_tramnsmitter.vhd" into library work
Parsing entity <usart_tramnsmitter>.
Parsing architecture <Behavioral> of entity <usart_tramnsmitter>.

=========================================================================
*                            HDL Elaboration                            *
=========================================================================

Elaborating entity <usart_tramnsmitter> (architecture <Behavioral>) from library <work>.

=========================================================================
*                           HDL Synthesis                               *
=========================================================================

Synthesizing Unit <usart_tramnsmitter>.
    Related source file is "/home/s0lid/Sources/edu.fpga.xilinx.cpu.8bit/cpu/usart_tramnsmitter.vhd".
    Found 9-bit register for signal <usart_clock.periods>.
    Found 1-bit register for signal <tx>.
    Found 4-bit register for signal <transmit_data.sample_idx>.
    Found 2-bit register for signal <transmit_data.state>.
    Found 3-bit register for signal <transmit_data.bit_idx>.
    Found 3-bit register for signal <transmit_data.char_idx>.
    Found 1-bit register for signal <usart_clk>.
    Found finite state machine <FSM_0> for signal <transmit_data.state>.
    -----------------------------------------------------------------------
    | States             | 3                                              |
    | Transitions        | 10                                             |
    | Inputs             | 4                                              |
    | Outputs            | 2                                              |
    | Clock              | usart_clk (rising_edge)                        |
    | Power Up State     | ready                                          |
    | Encoding           | auto                                           |
    | Implementation     | LUT                                            |
    -----------------------------------------------------------------------
    Found 9-bit adder for signal <usart_clock.periods[8]_GND_3_o_add_1_OUT> created at line 57.
    Found 3-bit adder for signal <transmit_data.bit_idx[2]_GND_3_o_add_20_OUT> created at line 91.
    Found 3-bit adder for signal <transmit_data.char_idx[2]_GND_3_o_add_35_OUT> created at line 105.
    Found 4-bit adder for signal <transmit_data.sample_idx[3]_GND_3_o_add_37_OUT> created at line 110.
    Found 8x5-bit Read Only RAM for signal <_n0183>
    Found 1-bit 8-to-1 multiplexer for signal <transmit_data.bit_idx[2]_transmit_data.char_idx[2]_Mux_16_o> created at line 83.
    Found 4-bit comparator greater for signal <transmit_data.sample_idx[3]_PWR_3_o_LessThan_6_o> created at line 71
    Summary:
	inferred   1 RAM(s).
	inferred   4 Adder/Subtractor(s).
	inferred  21 D-type flip-flop(s).
	inferred   1 Comparator(s).
	inferred   9 Multiplexer(s).
	inferred   1 Finite State Machine(s).
Unit <usart_tramnsmitter> synthesized.

=========================================================================
HDL Synthesis Report

Macro Statistics
# RAMs                                                 : 1
 8x5-bit single-port Read Only RAM                     : 1
# Adders/Subtractors                                   : 4
 3-bit adder                                           : 2
 4-bit adder                                           : 1
 9-bit adder                                           : 1
# Registers                                            : 6
 1-bit register                                        : 2
 3-bit register                                        : 2
 4-bit register                                        : 1
 9-bit register                                        : 1
# Comparators                                          : 1
 4-bit comparator greater                              : 1
# Multiplexers                                         : 9
 1-bit 2-to-1 multiplexer                              : 2
 1-bit 8-to-1 multiplexer                              : 1
 3-bit 2-to-1 multiplexer                              : 1
 4-bit 2-to-1 multiplexer                              : 5
# FSMs                                                 : 1

=========================================================================

=========================================================================
*                       Advanced HDL Synthesis                          *
=========================================================================


Synthesizing (advanced) Unit <usart_tramnsmitter>.
The following registers are absorbed into counter <usart_clock.periods>: 1 register on signal <usart_clock.periods>.
The following registers are absorbed into counter <transmit_data.char_idx>: 1 register on signal <transmit_data.char_idx>.
The following registers are absorbed into counter <transmit_data.bit_idx>: 1 register on signal <transmit_data.bit_idx>.
INFO:Xst:3218 - HDL ADVISOR - The RAM <Mram__n0183> will be implemented on LUTs either because you have described an asynchronous read or because of currently unsupported block RAM features. If you have described an asynchronous read, making it synchronous would allow you to take advantage of available block RAM resources, for optimized device usage and improved timings. Please refer to your documentation for coding guidelines.
    -----------------------------------------------------------------------
    | ram_type           | Distributed                         |          |
    -----------------------------------------------------------------------
    | Port A                                                              |
    |     aspect ratio   | 8-word x 5-bit                      |          |
    |     weA            | connected to signal <GND>           | high     |
    |     addrA          | connected to signal <transmit_data.char_idx> |          |
    |     diA            | connected to signal <GND>           |          |
    |     doA            | connected to internal node          |          |
    -----------------------------------------------------------------------
Unit <usart_tramnsmitter> synthesized (advanced).

=========================================================================
Advanced HDL Synthesis Report

Macro Statistics
# RAMs                                                 : 1
 8x5-bit single-port distributed Read Only RAM         : 1
# Adders/Subtractors                                   : 1
 4-bit adder                                           : 1
# Counters                                             : 3
 3-bit up counter                                      : 2
 9-bit up counter                                      : 1
# Registers                                            : 6
 Flip-Flops                                            : 6
# Comparators                                          : 1
 4-bit comparator greater                              : 1
# Multiplexers                                         : 8
 1-bit 2-to-1 multiplexer                              : 2
 1-bit 8-to-1 multiplexer                              : 1
 4-bit 2-to-1 multiplexer                              : 5
# FSMs                                                 : 1

=========================================================================

=========================================================================
*                         Low Level Synthesis                           *
=========================================================================
Analyzing FSM <MFsm> for best encoding.
Optimizing FSM <FSM_0> on signal <transmit_data.state[1:2]> with user encoding.
----------------------
 State    | Encoding
----------------------
 ready    | 00
 started  | 01
 finished | 10
----------------------

Optimizing unit <usart_tramnsmitter> ...

Mapping all equations...
Building and optimizing final netlist ...
Found area constraint ratio of 100 (+ 5) on block usart_tramnsmitter, actual ratio is 0.

Final Macro Processing ...

=========================================================================
Final Register Report

Macro Statistics
# Registers                                            : 23
 Flip-Flops                                            : 23

=========================================================================

=========================================================================
*                           Partition Report                            *
=========================================================================

Partition Implementation Status
-------------------------------

  No Partitions were found in this design.

-------------------------------

=========================================================================
*                            Design Summary                             *
=========================================================================

Top Level Output File Name         : usart_tramnsmitter.ngc

Primitive and Black Box Usage:
------------------------------
# BELS                             : 64
#      GND                         : 1
#      INV                         : 3
#      LUT1                        : 8
#      LUT2                        : 14
#      LUT3                        : 6
#      LUT4                        : 2
#      LUT5                        : 1
#      LUT6                        : 11
#      MUXCY                       : 8
#      VCC                         : 1
#      XORCY                       : 9
# FlipFlops/Latches                : 23
#      FD                          : 16
#      FDE                         : 7
# Clock Buffers                    : 1
#      BUFGP                       : 1
# IO Buffers                       : 1
#      OBUF                        : 1

Device utilization summary:
---------------------------

Selected Device : xa6slx9ftg256-3 


Slice Logic Utilization: 
 Number of Slice Registers:              23  out of  11440     0%  
 Number of Slice LUTs:                   45  out of   5720     0%  
    Number used as Logic:                45  out of   5720     0%  

Slice Logic Distribution: 
 Number of LUT Flip Flop pairs used:     45
   Number with an unused Flip Flop:      22  out of     45    48%  
   Number with an unused LUT:             0  out of     45     0%  
   Number of fully used LUT-FF pairs:    23  out of     45    51%  
   Number of unique control sets:         4

IO Utilization: 
 Number of IOs:                           2
 Number of bonded IOBs:                   2  out of    186     1%  

Specific Feature Utilization:
 Number of BUFG/BUFGCTRLs:                1  out of     16     6%  

---------------------------
Partition Resource Summary:
---------------------------

  No Partitions were found in this design.

---------------------------


=========================================================================
Timing Report

NOTE: THESE TIMING NUMBERS ARE ONLY A SYNTHESIS ESTIMATE.
      FOR ACCURATE TIMING INFORMATION PLEASE REFER TO THE TRACE REPORT
      GENERATED AFTER PLACE-and-ROUTE.

Clock Information:
------------------
-----------------------------------+---------------------------------+-------+
Clock Signal                       | Clock buffer(FF name)           | Load  |
-----------------------------------+---------------------------------+-------+
clk                                | BUFGP                           | 10    |
usart_clk                          | NONE(transmit_data.sample_idx_0)| 13    |
-----------------------------------+---------------------------------+-------+
INFO:Xst:2169 - HDL ADVISOR - Some clock signals were not automatically buffered by XST with BUFG/BUFR resources. Please use the buffer_type constraint in order to insert these buffers to the clock signals to help prevent skew problems.

Asynchronous Control Signals Information:
----------------------------------------
No asynchronous control signals found in this design

Timing Summary:
---------------
Speed Grade: -3

   Minimum period: 3.463ns (Maximum Frequency: 288.763MHz)
   Minimum input arrival time before clock: No path found
   Maximum output required time after clock: 3.634ns
   Maximum combinational path delay: No path found

Timing Details:
---------------
All values displayed in nanoseconds (ns)

=========================================================================
Timing constraint: Default period analysis for Clock 'clk'
  Clock period: 3.463ns (frequency: 288.763MHz)
  Total number of paths / destination ports: 135 / 10
-------------------------------------------------------------------------
Delay:               3.463ns (Levels of Logic = 3)
  Source:            usart_clock.periods_4 (FF)
  Destination:       usart_clock.periods_0 (FF)
  Source Clock:      clk rising
  Destination Clock: clk rising

  Data Path: usart_clock.periods_4 to usart_clock.periods_0
                                Gate     Net
    Cell:in->out      fanout   Delay   Delay  Logical Name (Net Name)
    ----------------------------------------  ------------
     FD:C->Q               2   0.447   0.864  usart_clock.periods_4 (usart_clock.periods_4)
     LUT4:I0->O            1   0.203   0.580  PWR_3_o_usart_clock.periods[8]_equal_1_o<8>_SW0 (N5)
     LUT6:I5->O           10   0.205   0.857  PWR_3_o_usart_clock.periods[8]_equal_1_o<8> (PWR_3_o_usart_clock.periods[8]_equal_1_o)
     LUT2:I1->O            1   0.205   0.000  usart_clock.periods_0_rstpot (usart_clock.periods_0_rstpot)
     FD:D                      0.102          usart_clock.periods_0
    ----------------------------------------
    Total                      3.463ns (1.162ns logic, 2.301ns route)
                                       (33.6% logic, 66.4% route)

=========================================================================
Timing constraint: Default period analysis for Clock 'usart_clk'
  Clock period: 3.432ns (frequency: 291.409MHz)
  Total number of paths / destination ports: 125 / 20
-------------------------------------------------------------------------
Delay:               3.432ns (Levels of Logic = 3)
  Source:            transmit_data.sample_idx_2 (FF)
  Destination:       transmit_data.bit_idx_2 (FF)
  Source Clock:      usart_clk rising
  Destination Clock: usart_clk rising

  Data Path: transmit_data.sample_idx_2 to transmit_data.bit_idx_2
                                Gate     Net
    Cell:in->out      fanout   Delay   Delay  Logical Name (Net Name)
    ----------------------------------------  ------------
     FDE:C->Q              6   0.447   0.973  transmit_data.sample_idx_2 (transmit_data.sample_idx_2)
     LUT3:I0->O            5   0.205   0.715  Mmux_transmit_data.sample_idx[3]_transmit_data.sample_idx[3]_mux_46_OUT411 (Mmux_transmit_data.sample_idx[3]_transmit_data.sample_idx[3]_mux_46_OUT41)
     LUT6:I5->O            1   0.205   0.580  _n01241 (_n0124)
     LUT5:I4->O            1   0.205   0.000  transmit_data.bit_idx_2_rstpot (transmit_data.bit_idx_2_rstpot)
     FD:D                      0.102          transmit_data.bit_idx_2
    ----------------------------------------
    Total                      3.432ns (1.164ns logic, 2.268ns route)
                                       (33.9% logic, 66.1% route)

=========================================================================
Timing constraint: Default OFFSET OUT AFTER for Clock 'usart_clk'
  Total number of paths / destination ports: 1 / 1
-------------------------------------------------------------------------
Offset:              3.634ns (Levels of Logic = 1)
  Source:            tx (FF)
  Destination:       tx (PAD)
  Source Clock:      usart_clk rising

  Data Path: tx to tx
                                Gate     Net
    Cell:in->out      fanout   Delay   Delay  Logical Name (Net Name)
    ----------------------------------------  ------------
     FD:C->Q               2   0.447   0.616  tx (tx_OBUF)
     OBUF:I->O                 2.571          tx_OBUF (tx)
    ----------------------------------------
    Total                      3.634ns (3.018ns logic, 0.616ns route)
                                       (83.0% logic, 17.0% route)

=========================================================================

Cross Clock Domains Report:
--------------------------

Clock to Setup on destination clock clk
---------------+---------+---------+---------+---------+
               | Src:Rise| Src:Fall| Src:Rise| Src:Fall|
Source Clock   |Dest:Rise|Dest:Rise|Dest:Fall|Dest:Fall|
---------------+---------+---------+---------+---------+
clk            |    3.463|         |         |         |
---------------+---------+---------+---------+---------+

Clock to Setup on destination clock usart_clk
---------------+---------+---------+---------+---------+
               | Src:Rise| Src:Fall| Src:Rise| Src:Fall|
Source Clock   |Dest:Rise|Dest:Rise|Dest:Fall|Dest:Fall|
---------------+---------+---------+---------+---------+
usart_clk      |    3.432|         |         |         |
---------------+---------+---------+---------+---------+

=========================================================================


Total REAL time to Xst completion: 6.00 secs
Total CPU time to Xst completion: 5.71 secs
 
--> 


Total memory usage is 588212 kilobytes

Number of errors   :    0 (   0 filtered)
Number of warnings :    0 (   0 filtered)
Number of infos    :    2 (   0 filtered)

