Release 14.3 - xst P.40xd (lin64)
Copyright (c) 1995-2012 Xilinx, Inc.  All rights reserved.
--> 
Parameter TMPDIR set to xst/projnav.tmp


Total REAL time to Xst completion: 1.00 secs
Total CPU time to Xst completion: 0.05 secs
 
--> 
Parameter xsthdpdir set to xst


Total REAL time to Xst completion: 1.00 secs
Total CPU time to Xst completion: 0.06 secs
 
--> 
Reading design: vga_sync.prj

TABLE OF CONTENTS
  1) Synthesis Options Summary
  2) HDL Parsing
  3) HDL Elaboration
  4) HDL Synthesis
       4.1) HDL Synthesis Report
  5) Advanced HDL Synthesis
       5.1) Advanced HDL Synthesis Report
  6) Low Level Synthesis
  7) Partition Report
  8) Design Summary
       8.1) Primitive and Black Box Usage
       8.2) Device utilization summary
       8.3) Partition Resource Summary
       8.4) Timing Report
            8.4.1) Clock Information
            8.4.2) Asynchronous Control Signals Information
            8.4.3) Timing Summary
            8.4.4) Timing Details
            8.4.5) Cross Clock Domains Report


=========================================================================
*                      Synthesis Options Summary                        *
=========================================================================
---- Source Parameters
Input File Name                    : "vga_sync.prj"
Ignore Synthesis Constraint File   : NO

---- Target Parameters
Output File Name                   : "vga_sync"
Output Format                      : NGC
Target Device                      : xa6slx9-3-ftg256

---- Source Options
Top Module Name                    : vga_sync
Automatic FSM Extraction           : YES
FSM Encoding Algorithm             : Auto
Safe Implementation                : No
FSM Style                          : LUT
RAM Extraction                     : Yes
RAM Style                          : Auto
ROM Extraction                     : Yes
Shift Register Extraction          : YES
ROM Style                          : Auto
Resource Sharing                   : YES
Asynchronous To Synchronous        : NO
Shift Register Minimum Size        : 2
Use DSP Block                      : Auto
Automatic Register Balancing       : No

---- Target Options
LUT Combining                      : Auto
Reduce Control Sets                : Auto
Add IO Buffers                     : YES
Global Maximum Fanout              : 100000
Add Generic Clock Buffer(BUFG)     : 16
Register Duplication               : YES
Optimize Instantiated Primitives   : NO
Use Clock Enable                   : Auto
Use Synchronous Set                : Auto
Use Synchronous Reset              : Auto
Pack IO Registers into IOBs        : Auto
Equivalent register Removal        : YES

---- General Options
Optimization Goal                  : Speed
Optimization Effort                : 1
Power Reduction                    : NO
Keep Hierarchy                     : No
Netlist Hierarchy                  : As_Optimized
RTL Output                         : Yes
Global Optimization                : AllClockNets
Read Cores                         : YES
Write Timing Constraints           : NO
Cross Clock Analysis               : NO
Hierarchy Separator                : /
Bus Delimiter                      : <>
Case Specifier                     : Maintain
Slice Utilization Ratio            : 100
BRAM Utilization Ratio             : 100
DSP48 Utilization Ratio            : 100
Auto BRAM Packing                  : NO
Slice Utilization Ratio Delta      : 5

=========================================================================


=========================================================================
*                          HDL Parsing                                  *
=========================================================================
Parsing VHDL file "/home/s0lid/Sources/edu.fpga.xilinx.cpu.8bit/cpu/vga_sync.vhd" into library work
Parsing entity <vga_sync>.
Parsing architecture <arch> of entity <vga_sync>.

=========================================================================
*                            HDL Elaboration                            *
=========================================================================

Elaborating entity <vga_sync> (architecture <arch>) from library <work>.

=========================================================================
*                           HDL Synthesis                               *
=========================================================================

Synthesizing Unit <vga_sync>.
    Related source file is "/home/s0lid/Sources/edu.fpga.xilinx.cpu.8bit/cpu/vga_sync.vhd".
    Found 10-bit register for signal <pixel_y>.
    Found 10-bit register for signal <pixel_x>.
    Found 1-bit register for signal <vsync>.
    Found 1-bit register for signal <hsync>.
    Found 1-bit register for signal <p_tick>.
    Found 10-bit adder for signal <h_count_reg[9]_GND_4_o_add_4_OUT> created at line 1241.
    Found 10-bit adder for signal <v_count_reg[9]_GND_4_o_add_7_OUT> created at line 1241.
    Found 10-bit comparator lessequal for signal <n0015> created at line 91
    Found 10-bit comparator lessequal for signal <n0017> created at line 92
    Found 10-bit comparator lessequal for signal <n0020> created at line 95
    Found 10-bit comparator lessequal for signal <n0022> created at line 96
    Found 10-bit comparator greater for signal <h_count_reg[9]_PWR_4_o_LessThan_15_o> created at line 100
    Found 10-bit comparator greater for signal <v_count_reg[9]_GND_4_o_LessThan_16_o> created at line 100
    Summary:
	inferred   2 Adder/Subtractor(s).
	inferred  23 D-type flip-flop(s).
	inferred   6 Comparator(s).
	inferred   2 Multiplexer(s).
Unit <vga_sync> synthesized.

=========================================================================
HDL Synthesis Report

Macro Statistics
# Adders/Subtractors                                   : 2
 10-bit adder                                          : 2
# Registers                                            : 5
 1-bit register                                        : 3
 10-bit register                                       : 2
# Comparators                                          : 6
 10-bit comparator greater                             : 2
 10-bit comparator lessequal                           : 4
# Multiplexers                                         : 2
 10-bit 2-to-1 multiplexer                             : 2

=========================================================================

=========================================================================
*                       Advanced HDL Synthesis                          *
=========================================================================


Synthesizing (advanced) Unit <vga_sync>.
The following registers are absorbed into counter <v_count_reg>: 1 register on signal <v_count_reg>.
The following registers are absorbed into counter <h_count_reg>: 1 register on signal <h_count_reg>.
Unit <vga_sync> synthesized (advanced).

=========================================================================
Advanced HDL Synthesis Report

Macro Statistics
# Counters                                             : 2
 10-bit up counter                                     : 2
# Registers                                            : 3
 Flip-Flops                                            : 3
# Comparators                                          : 6
 10-bit comparator greater                             : 2
 10-bit comparator lessequal                           : 4

=========================================================================

=========================================================================
*                         Low Level Synthesis                           *
=========================================================================

Optimizing unit <vga_sync> ...

Mapping all equations...
Building and optimizing final netlist ...
Found area constraint ratio of 100 (+ 5) on block vga_sync, actual ratio is 0.

Final Macro Processing ...

=========================================================================
Final Register Report

Macro Statistics
# Registers                                            : 23
 Flip-Flops                                            : 23

=========================================================================

=========================================================================
*                           Partition Report                            *
=========================================================================

Partition Implementation Status
-------------------------------

  No Partitions were found in this design.

-------------------------------

=========================================================================
*                            Design Summary                             *
=========================================================================

Top Level Output File Name         : vga_sync.ngc

Primitive and Black Box Usage:
------------------------------
# BELS                             : 76
#      GND                         : 1
#      INV                         : 1
#      LUT1                        : 2
#      LUT2                        : 4
#      LUT3                        : 2
#      LUT4                        : 1
#      LUT5                        : 2
#      LUT6                        : 25
#      MUXCY                       : 18
#      XORCY                       : 20
# FlipFlops/Latches                : 23
#      FDC                         : 3
#      FDCE                        : 20
# Clock Buffers                    : 1
#      BUFGP                       : 1
# IO Buffers                       : 25
#      IBUF                        : 1
#      OBUF                        : 24

Device utilization summary:
---------------------------

Selected Device : xa6slx9ftg256-3 


Slice Logic Utilization: 
 Number of Slice Registers:              23  out of  11440     0%  
 Number of Slice LUTs:                   37  out of   5720     0%  
    Number used as Logic:                37  out of   5720     0%  

Slice Logic Distribution: 
 Number of LUT Flip Flop pairs used:     37
   Number with an unused Flip Flop:      14  out of     37    37%  
   Number with an unused LUT:             0  out of     37     0%  
   Number of fully used LUT-FF pairs:    23  out of     37    62%  
   Number of unique control sets:         4

IO Utilization: 
 Number of IOs:                          26
 Number of bonded IOBs:                  26  out of    186    13%  

Specific Feature Utilization:
 Number of BUFG/BUFGCTRLs:                1  out of     16     6%  

---------------------------
Partition Resource Summary:
---------------------------

  No Partitions were found in this design.

---------------------------


=========================================================================
Timing Report

NOTE: THESE TIMING NUMBERS ARE ONLY A SYNTHESIS ESTIMATE.
      FOR ACCURATE TIMING INFORMATION PLEASE REFER TO THE TRACE REPORT
      GENERATED AFTER PLACE-and-ROUTE.

Clock Information:
------------------
-----------------------------------+------------------------+-------+
Clock Signal                       | Clock buffer(FF name)  | Load  |
-----------------------------------+------------------------+-------+
clk                                | BUFGP                  | 23    |
-----------------------------------+------------------------+-------+

Asynchronous Control Signals Information:
----------------------------------------
No asynchronous control signals found in this design

Timing Summary:
---------------
Speed Grade: -3

   Minimum period: 3.934ns (Maximum Frequency: 254.165MHz)
   Minimum input arrival time before clock: 2.805ns
   Maximum output required time after clock: 5.976ns
   Maximum combinational path delay: No path found

Timing Details:
---------------
All values displayed in nanoseconds (ns)

=========================================================================
Timing constraint: Default period analysis for Clock 'clk'
  Clock period: 3.934ns (frequency: 254.165MHz)
  Total number of paths / destination ports: 1417 / 43
-------------------------------------------------------------------------
Delay:               3.934ns (Levels of Logic = 2)
  Source:            h_count_reg_0 (FF)
  Destination:       v_count_reg_1 (FF)
  Source Clock:      clk rising
  Destination Clock: clk rising

  Data Path: h_count_reg_0 to v_count_reg_1
                                Gate     Net
    Cell:in->out      fanout   Delay   Delay  Logical Name (Net Name)
    ----------------------------------------  ------------
     FDCE:C->Q             3   0.447   0.995  h_count_reg_0 (h_count_reg_0)
     LUT5:I0->O           13   0.203   0.933  h_end<9>_SW0 (N4)
     LUT6:I5->O            9   0.205   0.829  pixel_tick_h_end_AND_1_o1 (pixel_tick_h_end_AND_1_o)
     FDCE:CE                   0.322          v_count_reg_1
    ----------------------------------------
    Total                      3.934ns (1.177ns logic, 2.757ns route)
                                       (29.9% logic, 70.1% route)

=========================================================================
Timing constraint: Default OFFSET IN BEFORE for Clock 'clk'
  Total number of paths / destination ports: 23 / 23
-------------------------------------------------------------------------
Offset:              2.805ns (Levels of Logic = 1)
  Source:            reset (PAD)
  Destination:       mod2_reg (FF)
  Destination Clock: clk rising

  Data Path: reset to mod2_reg
                                Gate     Net
    Cell:in->out      fanout   Delay   Delay  Logical Name (Net Name)
    ----------------------------------------  ------------
     IBUF:I->O            23   1.222   1.153  reset_IBUF (reset_IBUF)
     FDC:CLR                   0.430          mod2_reg
    ----------------------------------------
    Total                      2.805ns (1.652ns logic, 1.153ns route)
                                       (58.9% logic, 41.1% route)

=========================================================================
Timing constraint: Default OFFSET OUT AFTER for Clock 'clk'
  Total number of paths / destination ports: 31 / 24
-------------------------------------------------------------------------
Offset:              5.976ns (Levels of Logic = 3)
  Source:            v_count_reg_5 (FF)
  Destination:       video_on (PAD)
  Source Clock:      clk rising

  Data Path: v_count_reg_5 to video_on
                                Gate     Net
    Cell:in->out      fanout   Delay   Delay  Logical Name (Net Name)
    ----------------------------------------  ------------
     FDCE:C->Q            13   0.447   1.161  v_count_reg_5 (v_count_reg_5)
     LUT3:I0->O            1   0.205   0.808  video_on_SW0 (N8)
     LUT6:I3->O            1   0.205   0.579  video_on (video_on_OBUF)
     OBUF:I->O                 2.571          video_on_OBUF (video_on)
    ----------------------------------------
    Total                      5.976ns (3.428ns logic, 2.548ns route)
                                       (57.4% logic, 42.6% route)

=========================================================================

Cross Clock Domains Report:
--------------------------

Clock to Setup on destination clock clk
---------------+---------+---------+---------+---------+
               | Src:Rise| Src:Fall| Src:Rise| Src:Fall|
Source Clock   |Dest:Rise|Dest:Rise|Dest:Fall|Dest:Fall|
---------------+---------+---------+---------+---------+
clk            |    3.934|         |         |         |
---------------+---------+---------+---------+---------+

=========================================================================


Total REAL time to Xst completion: 6.00 secs
Total CPU time to Xst completion: 5.59 secs
 
--> 


Total memory usage is 589368 kilobytes

Number of errors   :    0 (   0 filtered)
Number of warnings :    0 (   0 filtered)
Number of infos    :    0 (   0 filtered)

