Release 14.3 Map P.40xd (lin64)
Xilinx Mapping Report File for Design 'cpu_facade'

Design Information
------------------
Command Line   : map -intstyle ise -p xc3s100e-tq144-5 -cm area -detail -ir off
-pr off -c 100 -o cpu_facade_map.ncd cpu_facade.ngd cpu_facade.pcf 
Target Device  : xc3s100e
Target Package : tq144
Target Speed   : -5
Mapper Version : spartan3e -- $Revision: 1.55 $
Mapped Date    : Tue Jun 28 04:26:28 2022

Design Summary
--------------
Number of errors   :  86
Number of warnings :   0

Section 1 - Errors
------------------
ERROR:MapLib:30 - LOC constraint E11 on in_acc_r is invalid: No such site on the
   device. To bypass this error set the environment variable 'XIL_MAP_LOCWARN'.
ERROR:MapLib:30 - LOC constraint F12 on in_acc_w is invalid: No such site on the
   device. To bypass this error set the environment variable 'XIL_MAP_LOCWARN'.
ERROR:MapLib:30 - LOC constraint E12 on in_bus1 is invalid: No such site on the
   device. To bypass this error set the environment variable 'XIL_MAP_LOCWARN'.
ERROR:MapLib:30 - LOC constraint T8 on in_clk is invalid: No such site on the
   device. To bypass this error set the environment variable 'XIL_MAP_LOCWARN'.
ERROR:MapLib:30 - LOC constraint B10 on in_clk_manual is invalid: No such site
   on the device. To bypass this error set the environment variable
   'XIL_MAP_LOCWARN'.
ERROR:MapLib:30 - LOC constraint F15 on in_iar_r is invalid: No such site on the
   device. To bypass this error set the environment variable 'XIL_MAP_LOCWARN'.
ERROR:MapLib:30 - LOC constraint H13 on in_iar_w is invalid: No such site on the
   device. To bypass this error set the environment variable 'XIL_MAP_LOCWARN'.
ERROR:MapLib:30 - LOC constraint D11 on in_ir_r is invalid: No such site on the
   device. To bypass this error set the environment variable 'XIL_MAP_LOCWARN'.
ERROR:MapLib:30 - LOC constraint G12 on in_ir_w is invalid: No such site on the
   device. To bypass this error set the environment variable 'XIL_MAP_LOCWARN'.
ERROR:MapLib:30 - LOC constraint H11 on in_is_bus1_w is invalid: No such site on
   the device. To bypass this error set the environment variable
   'XIL_MAP_LOCWARN'.
ERROR:MapLib:30 - LOC constraint B6 on in_is_clk_external is invalid: No such
   site on the device. To bypass this error set the environment variable
   'XIL_MAP_LOCWARN'.
ERROR:MapLib:30 - LOC constraint A7 on in_is_clk_high is invalid: No such site
   on the device. To bypass this error set the environment variable
   'XIL_MAP_LOCWARN'.
ERROR:MapLib:30 - LOC constraint A8 on in_is_clk_low is invalid: No such site on
   the device. To bypass this error set the environment variable
   'XIL_MAP_LOCWARN'.
ERROR:MapLib:30 - LOC constraint A9 on in_is_clk_manual is invalid: No such site
   on the device. To bypass this error set the environment variable
   'XIL_MAP_LOCWARN'.
ERROR:MapLib:30 - LOC constraint B5 on in_is_clk_veryhigh is invalid: No such
   site on the device. To bypass this error set the environment variable
   'XIL_MAP_LOCWARN'.
ERROR:MapLib:30 - LOC constraint J16 on in_manual_input_o<0> is invalid: No such
   site on the device. To bypass this error set the environment variable
   'XIL_MAP_LOCWARN'.
ERROR:MapLib:30 - LOC constraint K15 on in_manual_input_o<1> is invalid: No such
   site on the device. To bypass this error set the environment variable
   'XIL_MAP_LOCWARN'.
ERROR:MapLib:30 - LOC constraint M16 on in_manual_input_o<2> is invalid: No such
   site on the device. To bypass this error set the environment variable
   'XIL_MAP_LOCWARN'.
ERROR:MapLib:30 - LOC constraint N16 on in_manual_input_o<3> is invalid: No such
   site on the device. To bypass this error set the environment variable
   'XIL_MAP_LOCWARN'.
ERROR:MapLib:30 - LOC constraint M15 on in_manual_input_o<5> is invalid: No such
   site on the device. To bypass this error set the environment variable
   'XIL_MAP_LOCWARN'.
ERROR:MapLib:30 - LOC constraint L16 on in_manual_input_o<6> is invalid: No such
   site on the device. To bypass this error set the environment variable
   'XIL_MAP_LOCWARN'.
ERROR:MapLib:30 - LOC constraint K16 on in_manual_input_o<7> is invalid: No such
   site on the device. To bypass this error set the environment variable
   'XIL_MAP_LOCWARN'.
ERROR:MapLib:30 - LOC constraint A12 on in_manual_input_r is invalid: No such
   site on the device. To bypass this error set the environment variable
   'XIL_MAP_LOCWARN'.
ERROR:MapLib:30 - LOC constraint C16 on in_r0_r is invalid: No such site on the
   device. To bypass this error set the environment variable 'XIL_MAP_LOCWARN'.
ERROR:MapLib:30 - LOC constraint K14 on in_r0_w is invalid: No such site on the
   device. To bypass this error set the environment variable 'XIL_MAP_LOCWARN'.
ERROR:MapLib:30 - LOC constraint B16 on in_r1_r is invalid: No such site on the
   device. To bypass this error set the environment variable 'XIL_MAP_LOCWARN'.
ERROR:MapLib:30 - LOC constraint J12 on in_r1_w is invalid: No such site on the
   device. To bypass this error set the environment variable 'XIL_MAP_LOCWARN'.
ERROR:MapLib:30 - LOC constraint B14 on in_r2_r is invalid: No such site on the
   device. To bypass this error set the environment variable 'XIL_MAP_LOCWARN'.
ERROR:MapLib:30 - LOC constraint J14 on in_r2_w is invalid: No such site on the
   device. To bypass this error set the environment variable 'XIL_MAP_LOCWARN'.
ERROR:MapLib:30 - LOC constraint A13 on in_r3_r is invalid: No such site on the
   device. To bypass this error set the environment variable 'XIL_MAP_LOCWARN'.
ERROR:MapLib:30 - LOC constraint G11 on in_r3_w is invalid: No such site on the
   device. To bypass this error set the environment variable 'XIL_MAP_LOCWARN'.
ERROR:MapLib:30 - LOC constraint H14 on in_ram_a_w is invalid: No such site on
   the device. To bypass this error set the environment variable
   'XIL_MAP_LOCWARN'.
ERROR:MapLib:30 - LOC constraint E15 on in_ram_r is invalid: No such site on the
   device. To bypass this error set the environment variable 'XIL_MAP_LOCWARN'.
ERROR:MapLib:30 - LOC constraint F13 on in_ram_w is invalid: No such site on the
   device. To bypass this error set the environment variable 'XIL_MAP_LOCWARN'.
ERROR:MapLib:30 - LOC constraint H16 on in_read_reg_en is invalid: No such site
   on the device. To bypass this error set the environment variable
   'XIL_MAP_LOCWARN'.
ERROR:MapLib:30 - LOC constraint D16 on in_rst is invalid: No such site on the
   device. To bypass this error set the environment variable 'XIL_MAP_LOCWARN'.
ERROR:MapLib:30 - LOC constraint J13 on in_temp_w is invalid: No such site on
   the device. To bypass this error set the environment variable
   'XIL_MAP_LOCWARN'.
ERROR:MapLib:30 - LOC constraint K12 on in_write_reg_en is invalid: No such site
   on the device. To bypass this error set the environment variable
   'XIL_MAP_LOCWARN'.
ERROR:MapLib:30 - LOC constraint N5 on monitor<1> is invalid: No such site on
   the device. To bypass this error set the environment variable
   'XIL_MAP_LOCWARN'.
ERROR:MapLib:30 - LOC constraint M6 on monitor<3> is invalid: No such site on
   the device. To bypass this error set the environment variable
   'XIL_MAP_LOCWARN'.
ERROR:MapLib:30 - LOC constraint D6 on monitor<4> is invalid: No such site on
   the device. To bypass this error set the environment variable
   'XIL_MAP_LOCWARN'.
ERROR:MapLib:30 - LOC constraint E7 on monitor<5> is invalid: No such site on
   the device. To bypass this error set the environment variable
   'XIL_MAP_LOCWARN'.
ERROR:MapLib:30 - LOC constraint D5 on monitor<6> is invalid: No such site on
   the device. To bypass this error set the environment variable
   'XIL_MAP_LOCWARN'.
ERROR:MapLib:30 - LOC constraint F9 on monitor<7> is invalid: No such site on
   the device. To bypass this error set the environment variable
   'XIL_MAP_LOCWARN'.
ERROR:MapLib:30 - LOC constraint R7 on out_acc_r is invalid: No such site on the
   device. To bypass this error set the environment variable 'XIL_MAP_LOCWARN'.
ERROR:MapLib:30 - LOC constraint F16 on out_acc_w is invalid: No such site on
   the device. To bypass this error set the environment variable
   'XIL_MAP_LOCWARN'.
ERROR:MapLib:30 - LOC constraint T4 on out_bus1 is invalid: No such site on the
   device. To bypass this error set the environment variable 'XIL_MAP_LOCWARN'.
ERROR:MapLib:30 - LOC constraint C15 on out_can_read is invalid: No such site on
   the device. To bypass this error set the environment variable
   'XIL_MAP_LOCWARN'.
ERROR:MapLib:30 - LOC constraint L14 on out_can_write is invalid: No such site
   on the device. To bypass this error set the environment variable
   'XIL_MAP_LOCWARN'.
ERROR:MapLib:30 - LOC constraint A4 on out_clk_internal is invalid: No such site
   on the device. To bypass this error set the environment variable
   'XIL_MAP_LOCWARN'.
ERROR:MapLib:30 - LOC constraint A5 on out_clkc is invalid: No such site on the
   device. To bypass this error set the environment variable 'XIL_MAP_LOCWARN'.
ERROR:MapLib:30 - LOC constraint A6 on out_clkr is invalid: No such site on the
   device. To bypass this error set the environment variable 'XIL_MAP_LOCWARN'.
ERROR:MapLib:30 - LOC constraint B8 on out_clkw is invalid: No such site on the
   device. To bypass this error set the environment variable 'XIL_MAP_LOCWARN'.
ERROR:MapLib:30 - LOC constraint N4 on out_flags_C_out is invalid: No such site
   on the device. To bypass this error set the environment variable
   'XIL_MAP_LOCWARN'.
ERROR:MapLib:30 - LOC constraint M4 on out_flags_eq is invalid: No such site on
   the device. To bypass this error set the environment variable
   'XIL_MAP_LOCWARN'.
ERROR:MapLib:30 - LOC constraint N6 on out_flags_gt is invalid: No such site on
   the device. To bypass this error set the environment variable
   'XIL_MAP_LOCWARN'.
ERROR:MapLib:30 - LOC constraint R16 on out_flags_w is invalid: No such site on
   the device. To bypass this error set the environment variable
   'XIL_MAP_LOCWARN'.
ERROR:MapLib:30 - LOC constraint R2 on out_flags_z is invalid: No such site on
   the device. To bypass this error set the environment variable
   'XIL_MAP_LOCWARN'.
ERROR:MapLib:30 - LOC constraint L8 on out_iar_r is invalid: No such site on the
   device. To bypass this error set the environment variable 'XIL_MAP_LOCWARN'.
ERROR:MapLib:30 - LOC constraint H15 on out_iar_w is invalid: No such site on
   the device. To bypass this error set the environment variable
   'XIL_MAP_LOCWARN'.
ERROR:MapLib:30 - LOC constraint C10 on out_ir_w is invalid: No such site on the
   device. To bypass this error set the environment variable 'XIL_MAP_LOCWARN'.
ERROR:MapLib:30 - LOC constraint G14 on out_is_bus1_w is invalid: No such site
   on the device. To bypass this error set the environment variable
   'XIL_MAP_LOCWARN'.
ERROR:MapLib:30 - LOC constraint R1 on out_r0_r is invalid: No such site on the
   device. To bypass this error set the environment variable 'XIL_MAP_LOCWARN'.
ERROR:MapLib:30 - LOC constraint T15 on out_r0_w is invalid: No such site on the
   device. To bypass this error set the environment variable 'XIL_MAP_LOCWARN'.
ERROR:MapLib:30 - LOC constraint T14 on out_r1_w is invalid: No such site on the
   device. To bypass this error set the environment variable 'XIL_MAP_LOCWARN'.
ERROR:MapLib:30 - LOC constraint R12 on out_r2_w is invalid: No such site on the
   device. To bypass this error set the environment variable 'XIL_MAP_LOCWARN'.
ERROR:MapLib:30 - LOC constraint M5 on out_r3_r is invalid: No such site on the
   device. To bypass this error set the environment variable 'XIL_MAP_LOCWARN'.
ERROR:MapLib:30 - LOC constraint R9 on out_r3_w is invalid: No such site on the
   device. To bypass this error set the environment variable 'XIL_MAP_LOCWARN'.
ERROR:MapLib:30 - LOC constraint T5 on out_ram_r is invalid: No such site on the
   device. To bypass this error set the environment variable 'XIL_MAP_LOCWARN'.
ERROR:MapLib:30 - LOC constraint E16 on out_ram_w is invalid: No such site on
   the device. To bypass this error set the environment variable
   'XIL_MAP_LOCWARN'.
ERROR:MapLib:30 - LOC constraint C8 on out_s1 is invalid: No such site on the
   device. To bypass this error set the environment variable 'XIL_MAP_LOCWARN'.
ERROR:MapLib:30 - LOC constraint A10 on out_s2 is invalid: No such site on the
   device. To bypass this error set the environment variable 'XIL_MAP_LOCWARN'.
ERROR:MapLib:30 - LOC constraint A11 on out_s3 is invalid: No such site on the
   device. To bypass this error set the environment variable 'XIL_MAP_LOCWARN'.
ERROR:MapLib:30 - LOC constraint B12 on out_s4 is invalid: No such site on the
   device. To bypass this error set the environment variable 'XIL_MAP_LOCWARN'.
ERROR:MapLib:30 - LOC constraint A14 on out_s5 is invalid: No such site on the
   device. To bypass this error set the environment variable 'XIL_MAP_LOCWARN'.
ERROR:MapLib:30 - LOC constraint B15 on out_s6 is invalid: No such site on the
   device. To bypass this error set the environment variable 'XIL_MAP_LOCWARN'.
ERROR:MapLib:30 - LOC constraint R15 on out_sysbus<0> is invalid: No such site
   on the device. To bypass this error set the environment variable
   'XIL_MAP_LOCWARN'.
ERROR:MapLib:30 - LOC constraint R14 on out_sysbus<1> is invalid: No such site
   on the device. To bypass this error set the environment variable
   'XIL_MAP_LOCWARN'.
ERROR:MapLib:30 - LOC constraint T13 on out_sysbus<2> is invalid: No such site
   on the device. To bypass this error set the environment variable
   'XIL_MAP_LOCWARN'.
ERROR:MapLib:30 - LOC constraint T12 on out_sysbus<3> is invalid: No such site
   on the device. To bypass this error set the environment variable
   'XIL_MAP_LOCWARN'.
ERROR:MapLib:30 - LOC constraint T9 on out_sysbus<4> is invalid: No such site on
   the device. To bypass this error set the environment variable
   'XIL_MAP_LOCWARN'.
ERROR:MapLib:30 - LOC constraint T7 on out_sysbus<5> is invalid: No such site on
   the device. To bypass this error set the environment variable
   'XIL_MAP_LOCWARN'.
ERROR:MapLib:30 - LOC constraint T6 on out_sysbus<6> is invalid: No such site on
   the device. To bypass this error set the environment variable
   'XIL_MAP_LOCWARN'.
ERROR:MapLib:30 - LOC constraint R5 on out_sysbus<7> is invalid: No such site on
   the device. To bypass this error set the environment variable
   'XIL_MAP_LOCWARN'.
ERROR:MapLib:30 - LOC constraint C9 on out_temp_w is invalid: No such site on
   the device. To bypass this error set the environment variable
   'XIL_MAP_LOCWARN'.
ERROR:MapLib:30 - LOC constraint F14 on out_usart1_tx is invalid: No such site
   on the device. To bypass this error set the environment variable
   'XIL_MAP_LOCWARN'.

Section 2 - Warnings
--------------------

Section 3 - Informational
-------------------------
INFO:LIT:243 - Logical network XLXI_136/D1 has no load.
INFO:LIT:243 - Logical network XLXI_136/D10 has no load.
INFO:LIT:243 - Logical network XLXI_136/D11 has no load.
INFO:LIT:243 - Logical network XLXI_136/D12 has no load.
INFO:LIT:243 - Logical network XLXI_136/D13 has no load.
INFO:LIT:243 - Logical network XLXI_136/D14 has no load.
INFO:LIT:243 - Logical network XLXI_136/D15 has no load.
INFO:LIT:243 - Logical network XLXI_136/D2 has no load.
INFO:LIT:243 - Logical network XLXI_136/D3 has no load.
INFO:LIT:243 - Logical network XLXI_136/D4 has no load.
INFO:LIT:243 - Logical network XLXI_136/D5 has no load.
INFO:LIT:243 - Logical network XLXI_136/D6 has no load.
INFO:LIT:243 - Logical network XLXI_136/D7 has no load.
INFO:LIT:243 - Logical network XLXI_136/D8 has no load.
INFO:LIT:243 - Logical network XLXI_136/D9 has no load.
INFO:LIT:243 - Logical network XLXI_106/XLXI_15/Q<0> has no load.
INFO:LIT:243 - Logical network XLXI_106/XLXI_15/Q<1> has no load.
INFO:LIT:243 - Logical network XLXI_106/XLXI_15/Q<2> has no load.
INFO:LIT:243 - Logical network XLXI_106/XLXI_15/Q<3> has no load.
INFO:LIT:243 - Logical network XLXI_106/XLXI_15/Q<4> has no load.
INFO:LIT:243 - Logical network XLXI_106/XLXI_15/Q<5> has no load.
INFO:LIT:243 - Logical network XLXI_106/XLXI_15/Q<6> has no load.
INFO:LIT:243 - Logical network XLXI_106/XLXI_15/Q<7> has no load.
INFO:LIT:243 - Logical network XLXI_51/XLXI_2/CEO has no load.
INFO:LIT:243 - Logical network XLXI_7/alu_inst/XLXI_1/D3 has no load.
INFO:LIT:243 - Logical network XLXI_7/alu_inst/XLXI_1/D4 has no load.
INFO:LIT:243 - Logical network XLXI_7/alu_inst/XLXI_1/D5 has no load.
INFO:LIT:243 - Logical network XLXI_7/alu_inst/XLXI_1/D6 has no load.
INFO:LIT:243 - Logical network XLXI_7/alu_inst/XLXI_1/D7 has no load.
INFO:LIT:243 - Logical network XLXI_7/alu_inst/XLXI_2/OFL has no load.
INFO:LIT:243 - Logical network XLXI_7/XLXI_912/XLXI_4/O has no load.
INFO:LIT:243 - Logical network XLXI_7/XLXI_912/XLXI_1/XLXI_2/CEO has no load.
INFO:LIT:243 - Logical network XLXI_7/cpu_ctl/stp/XLXI_25/D7 has no load.
INFO:LIT:243 - Logical network XLXI_7/cpu_ctl/stp/XLXI_24/CEO has no load.
INFO:LIT:243 - Logical network XLXI_7/clck_gen/XLXI_14/CEO has no load.
INFO:LIT:243 - Logical network XLXI_7/XLXI_917/CEO has no load.
INFO:LIT:243 - Logical network XLXI_7/XLXI_926/XLXI_1/XLXI_2/CEO has no load.
INFO:LIT:243 - Logical network XLXI_7/XLXI_927/XLXI_1/XLXI_2/CEO has no load.
INFO:LIT:243 - Logical network XLXI_7/XLXI_931/XLXI_1/XLXI_2/CEO has no load.
INFO:LIT:243 - Logical network XLXI_7/XLXI_937/XLXI_1/XLXI_2/CEO has no load.
INFO:MapLib:562 - No environment variables are currently set.

Section 4 - Removed Logic Summary
---------------------------------

Section 5 - Removed Logic
-------------------------
