--------------------------------------------------------------------------------
Release 14.3 Trace  (lin64)
Copyright (c) 1995-2012 Xilinx, Inc.  All rights reserved.

/opt/Xilinx/14.3/ISE_DS/ISE/bin/lin64/unwrapped/trce -intstyle ise -v 3 -s 5 -n
3 -fastpaths -xml cpu_facade.twx cpu_facade.ncd -o cpu_facade.twr
cpu_facade.pcf -ucf cpu_facade.ucf

Design file:              cpu_facade.ncd
Physical constraint file: cpu_facade.pcf
Device,package,speed:     xc3s100e,tq144,-5 (PRODUCTION 1.27 2012-10-12)
Report level:             verbose report

Environment Variable      Effect 
--------------------      ------ 
NONE                      No environment variables were set
--------------------------------------------------------------------------------

INFO:Timing:3412 - To improve timing, see the Timing Closure User Guide (UG612).
INFO:Timing:2752 - To get complete path coverage, use the unconstrained paths 
   option. All paths that are not constrained will be reported in the 
   unconstrained paths section(s) of the report.
INFO:Timing:3339 - The clock-to-out numbers in this timing report are based on 
   a 50 Ohm transmission line loading model.  For the details of this model, 
   and for more information on accounting for different loading conditions, 
   please see the device datasheet.
INFO:Timing:3390 - This architecture does not support a default System Jitter 
   value, please add SYSTEM_JITTER constraint to the UCF to modify the Clock 
   Uncertainty calculation.
INFO:Timing:3389 - This architecture does not support 'Discrete Jitter' and 
   'Phase Error' calculations, these terms will be zero in the Clock 
   Uncertainty calculation.  Please make appropriate modification to 
   SYSTEM_JITTER to account for the unsupported Discrete Jitter and Phase 
   Error.

================================================================================
Timing constraint: TS_sys_clk_pin = PERIOD TIMEGRP "sys_clk_pin" 50 MHz HIGH 
50%;
For more information, see Period Analysis in the Timing Closure User Guide (UG612).

 1320 paths analyzed, 336 endpoints analyzed, 0 failing endpoints
 0 timing errors detected. (0 setup errors, 0 hold errors, 0 component switching limit errors)
 Minimum period is   8.369ns.
--------------------------------------------------------------------------------

Paths for end point XLXI_7/XLXI_931/XLXI_1/XLXI_2/I_Q0/I_36_35 (SLICE_X15Y13.CE), 16 paths
--------------------------------------------------------------------------------
Slack (setup path):     11.631ns (requirement - (data path - clock path skew + uncertainty))
  Source:               XLXI_7/XLXI_931/XLXI_1/XLXI_1/I_Q0/I_36_35 (FF)
  Destination:          XLXI_7/XLXI_931/XLXI_1/XLXI_2/I_Q0/I_36_35 (FF)
  Requirement:          20.000ns
  Data Path Delay:      8.369ns (Levels of Logic = 4)
  Clock Path Skew:      0.000ns
  Source Clock:         in_clk_IBUF rising at 0.000ns
  Destination Clock:    in_clk_IBUF rising at 20.000ns
  Clock Uncertainty:    0.000ns

  Maximum Data Path: XLXI_7/XLXI_931/XLXI_1/XLXI_1/I_Q0/I_36_35 to XLXI_7/XLXI_931/XLXI_1/XLXI_2/I_Q0/I_36_35
    Location             Delay type         Delay(ns)  Physical Resource
                                                       Logical Resource(s)
    -------------------------------------------------  -------------------
    SLICE_X1Y12.YQ       Tcko                  0.511   XLXI_7/XLXI_931/XLXI_1/XLXI_1/Q<0>
                                                       XLXI_7/XLXI_931/XLXI_1/XLXI_1/I_Q0/I_36_35
    SLICE_X1Y10.G2       net (fanout=5)        1.049   XLXI_7/XLXI_931/XLXI_1/XLXI_1/Q<0>
    SLICE_X1Y10.Y        Tilo                  0.612   XLXI_7/XLXI_931/XLXI_1/XLXI_1/Q<6>
                                                       XLXI_7/XLXI_931/XLXI_1/XLXI_1/I_36_10
    SLICE_X1Y8.F2        net (fanout=5)        0.812   XLXI_7/XLXI_931/XLXI_1/XLXI_1/T4
    SLICE_X1Y8.X         Tif5x                 0.890   XLXI_7/XLXI_931/XLXI_1/XLXI_1/T8
                                                       LUT1_XLXI_7/XLXI_931/XLXI_1/XLXI_1/I_36_14
                                                       F5MUX_XLXI_7/XLXI_931/XLXI_1/XLXI_1/I_36_14
    SLICE_X2Y10.F2       net (fanout=5)        0.495   XLXI_7/XLXI_931/XLXI_1/XLXI_1/T8
    SLICE_X2Y10.X        Tif5x                 1.000   XLXI_7/XLXI_931/XLXI_1/XLXI_1/T12
                                                       LUT1_XLXI_7/XLXI_931/XLXI_1/XLXI_1/I_36_29
                                                       F5MUX_XLXI_7/XLXI_931/XLXI_1/XLXI_1/I_36_29
    SLICE_X12Y10.F2      net (fanout=5)        1.007   XLXI_7/XLXI_931/XLXI_1/XLXI_1/T12
    SLICE_X12Y10.X       Tif5x                 1.000   XLXI_7/XLXI_931/XLXI_1/XLXI_1/TC
                                                       LUT1_XLXI_7/XLXI_931/XLXI_1/XLXI_1/I_36_22
                                                       F5MUX_XLXI_7/XLXI_931/XLXI_1/XLXI_1/I_36_22
    SLICE_X15Y13.CE      net (fanout=4)        0.510   XLXI_7/XLXI_931/XLXI_1/XLXI_1/TC
    SLICE_X15Y13.CLK     Tceck                 0.483   XLXI_7/XLXI_931/XLXI_1/XLXI_2/Q<0>
                                                       XLXI_7/XLXI_931/XLXI_1/XLXI_2/I_Q0/I_36_35
    -------------------------------------------------  ---------------------------
    Total                                      8.369ns (4.496ns logic, 3.873ns route)
                                                       (53.7% logic, 46.3% route)

--------------------------------------------------------------------------------
Slack (setup path):     12.093ns (requirement - (data path - clock path skew + uncertainty))
  Source:               XLXI_7/XLXI_931/XLXI_1/XLXI_1/I_Q1/I_36_35 (FF)
  Destination:          XLXI_7/XLXI_931/XLXI_1/XLXI_2/I_Q0/I_36_35 (FF)
  Requirement:          20.000ns
  Data Path Delay:      7.907ns (Levels of Logic = 4)
  Clock Path Skew:      0.000ns
  Source Clock:         in_clk_IBUF rising at 0.000ns
  Destination Clock:    in_clk_IBUF rising at 20.000ns
  Clock Uncertainty:    0.000ns

  Maximum Data Path: XLXI_7/XLXI_931/XLXI_1/XLXI_1/I_Q1/I_36_35 to XLXI_7/XLXI_931/XLXI_1/XLXI_2/I_Q0/I_36_35
    Location             Delay type         Delay(ns)  Physical Resource
                                                       Logical Resource(s)
    -------------------------------------------------  -------------------
    SLICE_X0Y13.YQ       Tcko                  0.567   XLXI_7/XLXI_931/XLXI_1/XLXI_1/Q<1>
                                                       XLXI_7/XLXI_931/XLXI_1/XLXI_1/I_Q1/I_36_35
    SLICE_X1Y10.G1       net (fanout=4)        0.531   XLXI_7/XLXI_931/XLXI_1/XLXI_1/Q<1>
    SLICE_X1Y10.Y        Tilo                  0.612   XLXI_7/XLXI_931/XLXI_1/XLXI_1/Q<6>
                                                       XLXI_7/XLXI_931/XLXI_1/XLXI_1/I_36_10
    SLICE_X1Y8.F2        net (fanout=5)        0.812   XLXI_7/XLXI_931/XLXI_1/XLXI_1/T4
    SLICE_X1Y8.X         Tif5x                 0.890   XLXI_7/XLXI_931/XLXI_1/XLXI_1/T8
                                                       LUT1_XLXI_7/XLXI_931/XLXI_1/XLXI_1/I_36_14
                                                       F5MUX_XLXI_7/XLXI_931/XLXI_1/XLXI_1/I_36_14
    SLICE_X2Y10.F2       net (fanout=5)        0.495   XLXI_7/XLXI_931/XLXI_1/XLXI_1/T8
    SLICE_X2Y10.X        Tif5x                 1.000   XLXI_7/XLXI_931/XLXI_1/XLXI_1/T12
                                                       LUT1_XLXI_7/XLXI_931/XLXI_1/XLXI_1/I_36_29
                                                       F5MUX_XLXI_7/XLXI_931/XLXI_1/XLXI_1/I_36_29
    SLICE_X12Y10.F2      net (fanout=5)        1.007   XLXI_7/XLXI_931/XLXI_1/XLXI_1/T12
    SLICE_X12Y10.X       Tif5x                 1.000   XLXI_7/XLXI_931/XLXI_1/XLXI_1/TC
                                                       LUT1_XLXI_7/XLXI_931/XLXI_1/XLXI_1/I_36_22
                                                       F5MUX_XLXI_7/XLXI_931/XLXI_1/XLXI_1/I_36_22
    SLICE_X15Y13.CE      net (fanout=4)        0.510   XLXI_7/XLXI_931/XLXI_1/XLXI_1/TC
    SLICE_X15Y13.CLK     Tceck                 0.483   XLXI_7/XLXI_931/XLXI_1/XLXI_2/Q<0>
                                                       XLXI_7/XLXI_931/XLXI_1/XLXI_2/I_Q0/I_36_35
    -------------------------------------------------  ---------------------------
    Total                                      7.907ns (4.552ns logic, 3.355ns route)
                                                       (57.6% logic, 42.4% route)

--------------------------------------------------------------------------------
Slack (setup path):     12.160ns (requirement - (data path - clock path skew + uncertainty))
  Source:               XLXI_7/XLXI_931/XLXI_1/XLXI_1/I_Q2/I_36_35 (FF)
  Destination:          XLXI_7/XLXI_931/XLXI_1/XLXI_2/I_Q0/I_36_35 (FF)
  Requirement:          20.000ns
  Data Path Delay:      7.840ns (Levels of Logic = 4)
  Clock Path Skew:      0.000ns
  Source Clock:         in_clk_IBUF rising at 0.000ns
  Destination Clock:    in_clk_IBUF rising at 20.000ns
  Clock Uncertainty:    0.000ns

  Maximum Data Path: XLXI_7/XLXI_931/XLXI_1/XLXI_1/I_Q2/I_36_35 to XLXI_7/XLXI_931/XLXI_1/XLXI_2/I_Q0/I_36_35
    Location             Delay type         Delay(ns)  Physical Resource
                                                       Logical Resource(s)
    -------------------------------------------------  -------------------
    SLICE_X0Y11.YQ       Tcko                  0.567   XLXI_7/XLXI_931/XLXI_1/XLXI_1/Q<2>
                                                       XLXI_7/XLXI_931/XLXI_1/XLXI_1/I_Q2/I_36_35
    SLICE_X1Y10.G3       net (fanout=3)        0.464   XLXI_7/XLXI_931/XLXI_1/XLXI_1/Q<2>
    SLICE_X1Y10.Y        Tilo                  0.612   XLXI_7/XLXI_931/XLXI_1/XLXI_1/Q<6>
                                                       XLXI_7/XLXI_931/XLXI_1/XLXI_1/I_36_10
    SLICE_X1Y8.F2        net (fanout=5)        0.812   XLXI_7/XLXI_931/XLXI_1/XLXI_1/T4
    SLICE_X1Y8.X         Tif5x                 0.890   XLXI_7/XLXI_931/XLXI_1/XLXI_1/T8
                                                       LUT1_XLXI_7/XLXI_931/XLXI_1/XLXI_1/I_36_14
                                                       F5MUX_XLXI_7/XLXI_931/XLXI_1/XLXI_1/I_36_14
    SLICE_X2Y10.F2       net (fanout=5)        0.495   XLXI_7/XLXI_931/XLXI_1/XLXI_1/T8
    SLICE_X2Y10.X        Tif5x                 1.000   XLXI_7/XLXI_931/XLXI_1/XLXI_1/T12
                                                       LUT1_XLXI_7/XLXI_931/XLXI_1/XLXI_1/I_36_29
                                                       F5MUX_XLXI_7/XLXI_931/XLXI_1/XLXI_1/I_36_29
    SLICE_X12Y10.F2      net (fanout=5)        1.007   XLXI_7/XLXI_931/XLXI_1/XLXI_1/T12
    SLICE_X12Y10.X       Tif5x                 1.000   XLXI_7/XLXI_931/XLXI_1/XLXI_1/TC
                                                       LUT1_XLXI_7/XLXI_931/XLXI_1/XLXI_1/I_36_22
                                                       F5MUX_XLXI_7/XLXI_931/XLXI_1/XLXI_1/I_36_22
    SLICE_X15Y13.CE      net (fanout=4)        0.510   XLXI_7/XLXI_931/XLXI_1/XLXI_1/TC
    SLICE_X15Y13.CLK     Tceck                 0.483   XLXI_7/XLXI_931/XLXI_1/XLXI_2/Q<0>
                                                       XLXI_7/XLXI_931/XLXI_1/XLXI_2/I_Q0/I_36_35
    -------------------------------------------------  ---------------------------
    Total                                      7.840ns (4.552ns logic, 3.288ns route)
                                                       (58.1% logic, 41.9% route)

--------------------------------------------------------------------------------

Paths for end point XLXI_7/XLXI_931/XLXI_1/XLXI_2/I_Q3/I_36_35 (SLICE_X15Y12.CE), 16 paths
--------------------------------------------------------------------------------
Slack (setup path):     11.631ns (requirement - (data path - clock path skew + uncertainty))
  Source:               XLXI_7/XLXI_931/XLXI_1/XLXI_1/I_Q0/I_36_35 (FF)
  Destination:          XLXI_7/XLXI_931/XLXI_1/XLXI_2/I_Q3/I_36_35 (FF)
  Requirement:          20.000ns
  Data Path Delay:      8.369ns (Levels of Logic = 4)
  Clock Path Skew:      0.000ns
  Source Clock:         in_clk_IBUF rising at 0.000ns
  Destination Clock:    in_clk_IBUF rising at 20.000ns
  Clock Uncertainty:    0.000ns

  Maximum Data Path: XLXI_7/XLXI_931/XLXI_1/XLXI_1/I_Q0/I_36_35 to XLXI_7/XLXI_931/XLXI_1/XLXI_2/I_Q3/I_36_35
    Location             Delay type         Delay(ns)  Physical Resource
                                                       Logical Resource(s)
    -------------------------------------------------  -------------------
    SLICE_X1Y12.YQ       Tcko                  0.511   XLXI_7/XLXI_931/XLXI_1/XLXI_1/Q<0>
                                                       XLXI_7/XLXI_931/XLXI_1/XLXI_1/I_Q0/I_36_35
    SLICE_X1Y10.G2       net (fanout=5)        1.049   XLXI_7/XLXI_931/XLXI_1/XLXI_1/Q<0>
    SLICE_X1Y10.Y        Tilo                  0.612   XLXI_7/XLXI_931/XLXI_1/XLXI_1/Q<6>
                                                       XLXI_7/XLXI_931/XLXI_1/XLXI_1/I_36_10
    SLICE_X1Y8.F2        net (fanout=5)        0.812   XLXI_7/XLXI_931/XLXI_1/XLXI_1/T4
    SLICE_X1Y8.X         Tif5x                 0.890   XLXI_7/XLXI_931/XLXI_1/XLXI_1/T8
                                                       LUT1_XLXI_7/XLXI_931/XLXI_1/XLXI_1/I_36_14
                                                       F5MUX_XLXI_7/XLXI_931/XLXI_1/XLXI_1/I_36_14
    SLICE_X2Y10.F2       net (fanout=5)        0.495   XLXI_7/XLXI_931/XLXI_1/XLXI_1/T8
    SLICE_X2Y10.X        Tif5x                 1.000   XLXI_7/XLXI_931/XLXI_1/XLXI_1/T12
                                                       LUT1_XLXI_7/XLXI_931/XLXI_1/XLXI_1/I_36_29
                                                       F5MUX_XLXI_7/XLXI_931/XLXI_1/XLXI_1/I_36_29
    SLICE_X12Y10.F2      net (fanout=5)        1.007   XLXI_7/XLXI_931/XLXI_1/XLXI_1/T12
    SLICE_X12Y10.X       Tif5x                 1.000   XLXI_7/XLXI_931/XLXI_1/XLXI_1/TC
                                                       LUT1_XLXI_7/XLXI_931/XLXI_1/XLXI_1/I_36_22
                                                       F5MUX_XLXI_7/XLXI_931/XLXI_1/XLXI_1/I_36_22
    SLICE_X15Y12.CE      net (fanout=4)        0.510   XLXI_7/XLXI_931/XLXI_1/XLXI_1/TC
    SLICE_X15Y12.CLK     Tceck                 0.483   XLXI_7/XLXI_931/high<3>
                                                       XLXI_7/XLXI_931/XLXI_1/XLXI_2/I_Q3/I_36_35
    -------------------------------------------------  ---------------------------
    Total                                      8.369ns (4.496ns logic, 3.873ns route)
                                                       (53.7% logic, 46.3% route)

--------------------------------------------------------------------------------
Slack (setup path):     12.093ns (requirement - (data path - clock path skew + uncertainty))
  Source:               XLXI_7/XLXI_931/XLXI_1/XLXI_1/I_Q1/I_36_35 (FF)
  Destination:          XLXI_7/XLXI_931/XLXI_1/XLXI_2/I_Q3/I_36_35 (FF)
  Requirement:          20.000ns
  Data Path Delay:      7.907ns (Levels of Logic = 4)
  Clock Path Skew:      0.000ns
  Source Clock:         in_clk_IBUF rising at 0.000ns
  Destination Clock:    in_clk_IBUF rising at 20.000ns
  Clock Uncertainty:    0.000ns

  Maximum Data Path: XLXI_7/XLXI_931/XLXI_1/XLXI_1/I_Q1/I_36_35 to XLXI_7/XLXI_931/XLXI_1/XLXI_2/I_Q3/I_36_35
    Location             Delay type         Delay(ns)  Physical Resource
                                                       Logical Resource(s)
    -------------------------------------------------  -------------------
    SLICE_X0Y13.YQ       Tcko                  0.567   XLXI_7/XLXI_931/XLXI_1/XLXI_1/Q<1>
                                                       XLXI_7/XLXI_931/XLXI_1/XLXI_1/I_Q1/I_36_35
    SLICE_X1Y10.G1       net (fanout=4)        0.531   XLXI_7/XLXI_931/XLXI_1/XLXI_1/Q<1>
    SLICE_X1Y10.Y        Tilo                  0.612   XLXI_7/XLXI_931/XLXI_1/XLXI_1/Q<6>
                                                       XLXI_7/XLXI_931/XLXI_1/XLXI_1/I_36_10
    SLICE_X1Y8.F2        net (fanout=5)        0.812   XLXI_7/XLXI_931/XLXI_1/XLXI_1/T4
    SLICE_X1Y8.X         Tif5x                 0.890   XLXI_7/XLXI_931/XLXI_1/XLXI_1/T8
                                                       LUT1_XLXI_7/XLXI_931/XLXI_1/XLXI_1/I_36_14
                                                       F5MUX_XLXI_7/XLXI_931/XLXI_1/XLXI_1/I_36_14
    SLICE_X2Y10.F2       net (fanout=5)        0.495   XLXI_7/XLXI_931/XLXI_1/XLXI_1/T8
    SLICE_X2Y10.X        Tif5x                 1.000   XLXI_7/XLXI_931/XLXI_1/XLXI_1/T12
                                                       LUT1_XLXI_7/XLXI_931/XLXI_1/XLXI_1/I_36_29
                                                       F5MUX_XLXI_7/XLXI_931/XLXI_1/XLXI_1/I_36_29
    SLICE_X12Y10.F2      net (fanout=5)        1.007   XLXI_7/XLXI_931/XLXI_1/XLXI_1/T12
    SLICE_X12Y10.X       Tif5x                 1.000   XLXI_7/XLXI_931/XLXI_1/XLXI_1/TC
                                                       LUT1_XLXI_7/XLXI_931/XLXI_1/XLXI_1/I_36_22
                                                       F5MUX_XLXI_7/XLXI_931/XLXI_1/XLXI_1/I_36_22
    SLICE_X15Y12.CE      net (fanout=4)        0.510   XLXI_7/XLXI_931/XLXI_1/XLXI_1/TC
    SLICE_X15Y12.CLK     Tceck                 0.483   XLXI_7/XLXI_931/high<3>
                                                       XLXI_7/XLXI_931/XLXI_1/XLXI_2/I_Q3/I_36_35
    -------------------------------------------------  ---------------------------
    Total                                      7.907ns (4.552ns logic, 3.355ns route)
                                                       (57.6% logic, 42.4% route)

--------------------------------------------------------------------------------
Slack (setup path):     12.160ns (requirement - (data path - clock path skew + uncertainty))
  Source:               XLXI_7/XLXI_931/XLXI_1/XLXI_1/I_Q2/I_36_35 (FF)
  Destination:          XLXI_7/XLXI_931/XLXI_1/XLXI_2/I_Q3/I_36_35 (FF)
  Requirement:          20.000ns
  Data Path Delay:      7.840ns (Levels of Logic = 4)
  Clock Path Skew:      0.000ns
  Source Clock:         in_clk_IBUF rising at 0.000ns
  Destination Clock:    in_clk_IBUF rising at 20.000ns
  Clock Uncertainty:    0.000ns

  Maximum Data Path: XLXI_7/XLXI_931/XLXI_1/XLXI_1/I_Q2/I_36_35 to XLXI_7/XLXI_931/XLXI_1/XLXI_2/I_Q3/I_36_35
    Location             Delay type         Delay(ns)  Physical Resource
                                                       Logical Resource(s)
    -------------------------------------------------  -------------------
    SLICE_X0Y11.YQ       Tcko                  0.567   XLXI_7/XLXI_931/XLXI_1/XLXI_1/Q<2>
                                                       XLXI_7/XLXI_931/XLXI_1/XLXI_1/I_Q2/I_36_35
    SLICE_X1Y10.G3       net (fanout=3)        0.464   XLXI_7/XLXI_931/XLXI_1/XLXI_1/Q<2>
    SLICE_X1Y10.Y        Tilo                  0.612   XLXI_7/XLXI_931/XLXI_1/XLXI_1/Q<6>
                                                       XLXI_7/XLXI_931/XLXI_1/XLXI_1/I_36_10
    SLICE_X1Y8.F2        net (fanout=5)        0.812   XLXI_7/XLXI_931/XLXI_1/XLXI_1/T4
    SLICE_X1Y8.X         Tif5x                 0.890   XLXI_7/XLXI_931/XLXI_1/XLXI_1/T8
                                                       LUT1_XLXI_7/XLXI_931/XLXI_1/XLXI_1/I_36_14
                                                       F5MUX_XLXI_7/XLXI_931/XLXI_1/XLXI_1/I_36_14
    SLICE_X2Y10.F2       net (fanout=5)        0.495   XLXI_7/XLXI_931/XLXI_1/XLXI_1/T8
    SLICE_X2Y10.X        Tif5x                 1.000   XLXI_7/XLXI_931/XLXI_1/XLXI_1/T12
                                                       LUT1_XLXI_7/XLXI_931/XLXI_1/XLXI_1/I_36_29
                                                       F5MUX_XLXI_7/XLXI_931/XLXI_1/XLXI_1/I_36_29
    SLICE_X12Y10.F2      net (fanout=5)        1.007   XLXI_7/XLXI_931/XLXI_1/XLXI_1/T12
    SLICE_X12Y10.X       Tif5x                 1.000   XLXI_7/XLXI_931/XLXI_1/XLXI_1/TC
                                                       LUT1_XLXI_7/XLXI_931/XLXI_1/XLXI_1/I_36_22
                                                       F5MUX_XLXI_7/XLXI_931/XLXI_1/XLXI_1/I_36_22
    SLICE_X15Y12.CE      net (fanout=4)        0.510   XLXI_7/XLXI_931/XLXI_1/XLXI_1/TC
    SLICE_X15Y12.CLK     Tceck                 0.483   XLXI_7/XLXI_931/high<3>
                                                       XLXI_7/XLXI_931/XLXI_1/XLXI_2/I_Q3/I_36_35
    -------------------------------------------------  ---------------------------
    Total                                      7.840ns (4.552ns logic, 3.288ns route)
                                                       (58.1% logic, 41.9% route)

--------------------------------------------------------------------------------

Paths for end point XLXI_7/XLXI_931/XLXI_1/XLXI_2/I_Q1/I_36_35 (SLICE_X14Y13.CE), 16 paths
--------------------------------------------------------------------------------
Slack (setup path):     11.646ns (requirement - (data path - clock path skew + uncertainty))
  Source:               XLXI_7/XLXI_931/XLXI_1/XLXI_1/I_Q0/I_36_35 (FF)
  Destination:          XLXI_7/XLXI_931/XLXI_1/XLXI_2/I_Q1/I_36_35 (FF)
  Requirement:          20.000ns
  Data Path Delay:      8.354ns (Levels of Logic = 4)
  Clock Path Skew:      0.000ns
  Source Clock:         in_clk_IBUF rising at 0.000ns
  Destination Clock:    in_clk_IBUF rising at 20.000ns
  Clock Uncertainty:    0.000ns

  Maximum Data Path: XLXI_7/XLXI_931/XLXI_1/XLXI_1/I_Q0/I_36_35 to XLXI_7/XLXI_931/XLXI_1/XLXI_2/I_Q1/I_36_35
    Location             Delay type         Delay(ns)  Physical Resource
                                                       Logical Resource(s)
    -------------------------------------------------  -------------------
    SLICE_X1Y12.YQ       Tcko                  0.511   XLXI_7/XLXI_931/XLXI_1/XLXI_1/Q<0>
                                                       XLXI_7/XLXI_931/XLXI_1/XLXI_1/I_Q0/I_36_35
    SLICE_X1Y10.G2       net (fanout=5)        1.049   XLXI_7/XLXI_931/XLXI_1/XLXI_1/Q<0>
    SLICE_X1Y10.Y        Tilo                  0.612   XLXI_7/XLXI_931/XLXI_1/XLXI_1/Q<6>
                                                       XLXI_7/XLXI_931/XLXI_1/XLXI_1/I_36_10
    SLICE_X1Y8.F2        net (fanout=5)        0.812   XLXI_7/XLXI_931/XLXI_1/XLXI_1/T4
    SLICE_X1Y8.X         Tif5x                 0.890   XLXI_7/XLXI_931/XLXI_1/XLXI_1/T8
                                                       LUT1_XLXI_7/XLXI_931/XLXI_1/XLXI_1/I_36_14
                                                       F5MUX_XLXI_7/XLXI_931/XLXI_1/XLXI_1/I_36_14
    SLICE_X2Y10.F2       net (fanout=5)        0.495   XLXI_7/XLXI_931/XLXI_1/XLXI_1/T8
    SLICE_X2Y10.X        Tif5x                 1.000   XLXI_7/XLXI_931/XLXI_1/XLXI_1/T12
                                                       LUT1_XLXI_7/XLXI_931/XLXI_1/XLXI_1/I_36_29
                                                       F5MUX_XLXI_7/XLXI_931/XLXI_1/XLXI_1/I_36_29
    SLICE_X12Y10.F2      net (fanout=5)        1.007   XLXI_7/XLXI_931/XLXI_1/XLXI_1/T12
    SLICE_X12Y10.X       Tif5x                 1.000   XLXI_7/XLXI_931/XLXI_1/XLXI_1/TC
                                                       LUT1_XLXI_7/XLXI_931/XLXI_1/XLXI_1/I_36_22
                                                       F5MUX_XLXI_7/XLXI_931/XLXI_1/XLXI_1/I_36_22
    SLICE_X14Y13.CE      net (fanout=4)        0.495   XLXI_7/XLXI_931/XLXI_1/XLXI_1/TC
    SLICE_X14Y13.CLK     Tceck                 0.483   XLXI_7/XLXI_931/XLXI_1/XLXI_2/Q<1>
                                                       XLXI_7/XLXI_931/XLXI_1/XLXI_2/I_Q1/I_36_35
    -------------------------------------------------  ---------------------------
    Total                                      8.354ns (4.496ns logic, 3.858ns route)
                                                       (53.8% logic, 46.2% route)

--------------------------------------------------------------------------------
Slack (setup path):     12.108ns (requirement - (data path - clock path skew + uncertainty))
  Source:               XLXI_7/XLXI_931/XLXI_1/XLXI_1/I_Q1/I_36_35 (FF)
  Destination:          XLXI_7/XLXI_931/XLXI_1/XLXI_2/I_Q1/I_36_35 (FF)
  Requirement:          20.000ns
  Data Path Delay:      7.892ns (Levels of Logic = 4)
  Clock Path Skew:      0.000ns
  Source Clock:         in_clk_IBUF rising at 0.000ns
  Destination Clock:    in_clk_IBUF rising at 20.000ns
  Clock Uncertainty:    0.000ns

  Maximum Data Path: XLXI_7/XLXI_931/XLXI_1/XLXI_1/I_Q1/I_36_35 to XLXI_7/XLXI_931/XLXI_1/XLXI_2/I_Q1/I_36_35
    Location             Delay type         Delay(ns)  Physical Resource
                                                       Logical Resource(s)
    -------------------------------------------------  -------------------
    SLICE_X0Y13.YQ       Tcko                  0.567   XLXI_7/XLXI_931/XLXI_1/XLXI_1/Q<1>
                                                       XLXI_7/XLXI_931/XLXI_1/XLXI_1/I_Q1/I_36_35
    SLICE_X1Y10.G1       net (fanout=4)        0.531   XLXI_7/XLXI_931/XLXI_1/XLXI_1/Q<1>
    SLICE_X1Y10.Y        Tilo                  0.612   XLXI_7/XLXI_931/XLXI_1/XLXI_1/Q<6>
                                                       XLXI_7/XLXI_931/XLXI_1/XLXI_1/I_36_10
    SLICE_X1Y8.F2        net (fanout=5)        0.812   XLXI_7/XLXI_931/XLXI_1/XLXI_1/T4
    SLICE_X1Y8.X         Tif5x                 0.890   XLXI_7/XLXI_931/XLXI_1/XLXI_1/T8
                                                       LUT1_XLXI_7/XLXI_931/XLXI_1/XLXI_1/I_36_14
                                                       F5MUX_XLXI_7/XLXI_931/XLXI_1/XLXI_1/I_36_14
    SLICE_X2Y10.F2       net (fanout=5)        0.495   XLXI_7/XLXI_931/XLXI_1/XLXI_1/T8
    SLICE_X2Y10.X        Tif5x                 1.000   XLXI_7/XLXI_931/XLXI_1/XLXI_1/T12
                                                       LUT1_XLXI_7/XLXI_931/XLXI_1/XLXI_1/I_36_29
                                                       F5MUX_XLXI_7/XLXI_931/XLXI_1/XLXI_1/I_36_29
    SLICE_X12Y10.F2      net (fanout=5)        1.007   XLXI_7/XLXI_931/XLXI_1/XLXI_1/T12
    SLICE_X12Y10.X       Tif5x                 1.000   XLXI_7/XLXI_931/XLXI_1/XLXI_1/TC
                                                       LUT1_XLXI_7/XLXI_931/XLXI_1/XLXI_1/I_36_22
                                                       F5MUX_XLXI_7/XLXI_931/XLXI_1/XLXI_1/I_36_22
    SLICE_X14Y13.CE      net (fanout=4)        0.495   XLXI_7/XLXI_931/XLXI_1/XLXI_1/TC
    SLICE_X14Y13.CLK     Tceck                 0.483   XLXI_7/XLXI_931/XLXI_1/XLXI_2/Q<1>
                                                       XLXI_7/XLXI_931/XLXI_1/XLXI_2/I_Q1/I_36_35
    -------------------------------------------------  ---------------------------
    Total                                      7.892ns (4.552ns logic, 3.340ns route)
                                                       (57.7% logic, 42.3% route)

--------------------------------------------------------------------------------
Slack (setup path):     12.175ns (requirement - (data path - clock path skew + uncertainty))
  Source:               XLXI_7/XLXI_931/XLXI_1/XLXI_1/I_Q2/I_36_35 (FF)
  Destination:          XLXI_7/XLXI_931/XLXI_1/XLXI_2/I_Q1/I_36_35 (FF)
  Requirement:          20.000ns
  Data Path Delay:      7.825ns (Levels of Logic = 4)
  Clock Path Skew:      0.000ns
  Source Clock:         in_clk_IBUF rising at 0.000ns
  Destination Clock:    in_clk_IBUF rising at 20.000ns
  Clock Uncertainty:    0.000ns

  Maximum Data Path: XLXI_7/XLXI_931/XLXI_1/XLXI_1/I_Q2/I_36_35 to XLXI_7/XLXI_931/XLXI_1/XLXI_2/I_Q1/I_36_35
    Location             Delay type         Delay(ns)  Physical Resource
                                                       Logical Resource(s)
    -------------------------------------------------  -------------------
    SLICE_X0Y11.YQ       Tcko                  0.567   XLXI_7/XLXI_931/XLXI_1/XLXI_1/Q<2>
                                                       XLXI_7/XLXI_931/XLXI_1/XLXI_1/I_Q2/I_36_35
    SLICE_X1Y10.G3       net (fanout=3)        0.464   XLXI_7/XLXI_931/XLXI_1/XLXI_1/Q<2>
    SLICE_X1Y10.Y        Tilo                  0.612   XLXI_7/XLXI_931/XLXI_1/XLXI_1/Q<6>
                                                       XLXI_7/XLXI_931/XLXI_1/XLXI_1/I_36_10
    SLICE_X1Y8.F2        net (fanout=5)        0.812   XLXI_7/XLXI_931/XLXI_1/XLXI_1/T4
    SLICE_X1Y8.X         Tif5x                 0.890   XLXI_7/XLXI_931/XLXI_1/XLXI_1/T8
                                                       LUT1_XLXI_7/XLXI_931/XLXI_1/XLXI_1/I_36_14
                                                       F5MUX_XLXI_7/XLXI_931/XLXI_1/XLXI_1/I_36_14
    SLICE_X2Y10.F2       net (fanout=5)        0.495   XLXI_7/XLXI_931/XLXI_1/XLXI_1/T8
    SLICE_X2Y10.X        Tif5x                 1.000   XLXI_7/XLXI_931/XLXI_1/XLXI_1/T12
                                                       LUT1_XLXI_7/XLXI_931/XLXI_1/XLXI_1/I_36_29
                                                       F5MUX_XLXI_7/XLXI_931/XLXI_1/XLXI_1/I_36_29
    SLICE_X12Y10.F2      net (fanout=5)        1.007   XLXI_7/XLXI_931/XLXI_1/XLXI_1/T12
    SLICE_X12Y10.X       Tif5x                 1.000   XLXI_7/XLXI_931/XLXI_1/XLXI_1/TC
                                                       LUT1_XLXI_7/XLXI_931/XLXI_1/XLXI_1/I_36_22
                                                       F5MUX_XLXI_7/XLXI_931/XLXI_1/XLXI_1/I_36_22
    SLICE_X14Y13.CE      net (fanout=4)        0.495   XLXI_7/XLXI_931/XLXI_1/XLXI_1/TC
    SLICE_X14Y13.CLK     Tceck                 0.483   XLXI_7/XLXI_931/XLXI_1/XLXI_2/Q<1>
                                                       XLXI_7/XLXI_931/XLXI_1/XLXI_2/I_Q1/I_36_35
    -------------------------------------------------  ---------------------------
    Total                                      7.825ns (4.552ns logic, 3.273ns route)
                                                       (58.2% logic, 41.8% route)

--------------------------------------------------------------------------------

Hold Paths: TS_sys_clk_pin = PERIOD TIMEGRP "sys_clk_pin" 50 MHz HIGH 50%;
--------------------------------------------------------------------------------

Paths for end point XLXI_7/XLXI_927/XLXI_1/XLXI_2/I_Q0/I_36_35 (SLICE_X27Y20.BY), 1 path
--------------------------------------------------------------------------------
Slack (hold path):      0.892ns (requirement - (clock path skew + uncertainty - data path))
  Source:               XLXI_7/XLXI_927/XLXI_1/XLXI_2/I_Q0/I_36_35 (FF)
  Destination:          XLXI_7/XLXI_927/XLXI_1/XLXI_2/I_Q0/I_36_35 (FF)
  Requirement:          0.000ns
  Data Path Delay:      0.892ns (Levels of Logic = 0)
  Clock Path Skew:      0.000ns
  Source Clock:         in_clk_IBUF rising at 20.000ns
  Destination Clock:    in_clk_IBUF rising at 20.000ns
  Clock Uncertainty:    0.000ns

  Minimum Data Path: XLXI_7/XLXI_927/XLXI_1/XLXI_2/I_Q0/I_36_35 to XLXI_7/XLXI_927/XLXI_1/XLXI_2/I_Q0/I_36_35
    Location             Delay type         Delay(ns)  Physical Resource
                                                       Logical Resource(s)
    -------------------------------------------------  -------------------
    SLICE_X27Y20.YQ      Tcko                  0.409   XLXI_7/XLXI_927/high<0>
                                                       XLXI_7/XLXI_927/XLXI_1/XLXI_2/I_Q0/I_36_35
    SLICE_X27Y20.BY      net (fanout=6)        0.366   XLXI_7/XLXI_927/high<0>
    SLICE_X27Y20.CLK     Tckdi       (-Th)    -0.117   XLXI_7/XLXI_927/high<0>
                                                       XLXI_7/XLXI_927/XLXI_1/XLXI_2/I_Q0/I_36_35
    -------------------------------------------------  ---------------------------
    Total                                      0.892ns (0.526ns logic, 0.366ns route)
                                                       (59.0% logic, 41.0% route)

--------------------------------------------------------------------------------

Paths for end point XLXI_7/XLXI_926/XLXI_1/XLXI_2/I_Q0/I_36_35 (SLICE_X27Y11.BY), 1 path
--------------------------------------------------------------------------------
Slack (hold path):      0.935ns (requirement - (clock path skew + uncertainty - data path))
  Source:               XLXI_7/XLXI_926/XLXI_1/XLXI_2/I_Q0/I_36_35 (FF)
  Destination:          XLXI_7/XLXI_926/XLXI_1/XLXI_2/I_Q0/I_36_35 (FF)
  Requirement:          0.000ns
  Data Path Delay:      0.935ns (Levels of Logic = 0)
  Clock Path Skew:      0.000ns
  Source Clock:         in_clk_IBUF rising at 20.000ns
  Destination Clock:    in_clk_IBUF rising at 20.000ns
  Clock Uncertainty:    0.000ns

  Minimum Data Path: XLXI_7/XLXI_926/XLXI_1/XLXI_2/I_Q0/I_36_35 to XLXI_7/XLXI_926/XLXI_1/XLXI_2/I_Q0/I_36_35
    Location             Delay type         Delay(ns)  Physical Resource
                                                       Logical Resource(s)
    -------------------------------------------------  -------------------
    SLICE_X27Y11.YQ      Tcko                  0.409   XLXI_7/XLXI_926/high<0>
                                                       XLXI_7/XLXI_926/XLXI_1/XLXI_2/I_Q0/I_36_35
    SLICE_X27Y11.BY      net (fanout=6)        0.409   XLXI_7/XLXI_926/high<0>
    SLICE_X27Y11.CLK     Tckdi       (-Th)    -0.117   XLXI_7/XLXI_926/high<0>
                                                       XLXI_7/XLXI_926/XLXI_1/XLXI_2/I_Q0/I_36_35
    -------------------------------------------------  ---------------------------
    Total                                      0.935ns (0.526ns logic, 0.409ns route)
                                                       (56.3% logic, 43.7% route)

--------------------------------------------------------------------------------

Paths for end point XLXI_7/XLXI_926/XLXI_1/XLXI_1/I_Q0/I_36_35 (SLICE_X30Y4.BY), 1 path
--------------------------------------------------------------------------------
Slack (hold path):      0.959ns (requirement - (clock path skew + uncertainty - data path))
  Source:               XLXI_7/XLXI_926/XLXI_1/XLXI_1/I_Q0/I_36_35 (FF)
  Destination:          XLXI_7/XLXI_926/XLXI_1/XLXI_1/I_Q0/I_36_35 (FF)
  Requirement:          0.000ns
  Data Path Delay:      0.959ns (Levels of Logic = 0)
  Clock Path Skew:      0.000ns
  Source Clock:         in_clk_IBUF rising at 20.000ns
  Destination Clock:    in_clk_IBUF rising at 20.000ns
  Clock Uncertainty:    0.000ns

  Minimum Data Path: XLXI_7/XLXI_926/XLXI_1/XLXI_1/I_Q0/I_36_35 to XLXI_7/XLXI_926/XLXI_1/XLXI_1/I_Q0/I_36_35
    Location             Delay type         Delay(ns)  Physical Resource
                                                       Logical Resource(s)
    -------------------------------------------------  -------------------
    SLICE_X30Y4.YQ       Tcko                  0.454   XLXI_7/XLXI_926/XLXI_1/XLXI_1/Q<0>
                                                       XLXI_7/XLXI_926/XLXI_1/XLXI_1/I_Q0/I_36_35
    SLICE_X30Y4.BY       net (fanout=5)        0.373   XLXI_7/XLXI_926/XLXI_1/XLXI_1/Q<0>
    SLICE_X30Y4.CLK      Tckdi       (-Th)    -0.132   XLXI_7/XLXI_926/XLXI_1/XLXI_1/Q<0>
                                                       XLXI_7/XLXI_926/XLXI_1/XLXI_1/I_Q0/I_36_35
    -------------------------------------------------  ---------------------------
    Total                                      0.959ns (0.586ns logic, 0.373ns route)
                                                       (61.1% logic, 38.9% route)

--------------------------------------------------------------------------------

Component Switching Limit Checks: TS_sys_clk_pin = PERIOD TIMEGRP "sys_clk_pin" 50 MHz HIGH 50%;
--------------------------------------------------------------------------------
Slack: 17.224ns (period - (min low pulse limit / (low pulse / period)))
  Period: 20.000ns
  Low pulse: 10.000ns
  Low pulse limit: 1.388ns (Trpw)
  Physical resource: XLXI_7/XLXI_931/XLXI_1/XLXI_2/Q<0>/SR
  Logical resource: XLXI_7/XLXI_931/XLXI_1/XLXI_2/I_Q0/I_36_35/SR
  Location pin: SLICE_X15Y13.SR
  Clock network: XLXI_7/XLXI_931/XLXN_37
--------------------------------------------------------------------------------
Slack: 17.224ns (period - (min high pulse limit / (high pulse / period)))
  Period: 20.000ns
  High pulse: 10.000ns
  High pulse limit: 1.388ns (Trpw)
  Physical resource: XLXI_7/XLXI_931/XLXI_1/XLXI_2/Q<0>/SR
  Logical resource: XLXI_7/XLXI_931/XLXI_1/XLXI_2/I_Q0/I_36_35/SR
  Location pin: SLICE_X15Y13.SR
  Clock network: XLXI_7/XLXI_931/XLXN_37
--------------------------------------------------------------------------------
Slack: 17.224ns (period - (min low pulse limit / (low pulse / period)))
  Period: 20.000ns
  Low pulse: 10.000ns
  Low pulse limit: 1.388ns (Trpw)
  Physical resource: XLXI_7/XLXI_931/XLXI_1/XLXI_2/Q<1>/SR
  Logical resource: XLXI_7/XLXI_931/XLXI_1/XLXI_2/I_Q1/I_36_35/SR
  Location pin: SLICE_X14Y13.SR
  Clock network: XLXI_7/XLXI_931/XLXN_37
--------------------------------------------------------------------------------


All constraints were met.


Data Sheet report:
-----------------
All values displayed in nanoseconds (ns)

Clock to Setup on destination clock in_clk
---------------+---------+---------+---------+---------+
               | Src:Rise| Src:Fall| Src:Rise| Src:Fall|
Source Clock   |Dest:Rise|Dest:Rise|Dest:Fall|Dest:Fall|
---------------+---------+---------+---------+---------+
in_clk         |    8.369|         |         |         |
---------------+---------+---------+---------+---------+


Timing summary:
---------------

Timing errors: 0  Score: 0  (Setup/Max: 0, Hold: 0)

Constraints cover 1320 paths, 0 nets, and 621 connections

Design statistics:
   Minimum period:   8.369ns{1}   (Maximum frequency: 119.489MHz)


------------------------------------Footnotes-----------------------------------
1)  The minimum period statistic assumes all single cycle delays.

Analysis completed Tue Aug  9 02:31:16 2022 
--------------------------------------------------------------------------------

Trace Settings:
-------------------------
Trace Settings 

Peak Memory Usage: 333 MB



