Release 14.3 - xst P.40xd (lin64)
Copyright (c) 1995-2012 Xilinx, Inc.  All rights reserved.
--> 
Parameter TMPDIR set to xst/projnav.tmp


Total REAL time to Xst completion: 0.00 secs
Total CPU time to Xst completion: 0.05 secs
 
--> 
Parameter xsthdpdir set to xst


Total REAL time to Xst completion: 0.00 secs
Total CPU time to Xst completion: 0.05 secs
 
--> 
Reading design: state_machine_example.prj

TABLE OF CONTENTS
  1) Synthesis Options Summary
  2) HDL Parsing
  3) HDL Elaboration
  4) HDL Synthesis
       4.1) HDL Synthesis Report
  5) Advanced HDL Synthesis
       5.1) Advanced HDL Synthesis Report
  6) Low Level Synthesis
  7) Partition Report
  8) Design Summary
       8.1) Primitive and Black Box Usage
       8.2) Device utilization summary
       8.3) Partition Resource Summary
       8.4) Timing Report
            8.4.1) Clock Information
            8.4.2) Asynchronous Control Signals Information
            8.4.3) Timing Summary
            8.4.4) Timing Details
            8.4.5) Cross Clock Domains Report


=========================================================================
*                      Synthesis Options Summary                        *
=========================================================================
---- Source Parameters
Input File Name                    : "state_machine_example.prj"
Ignore Synthesis Constraint File   : NO

---- Target Parameters
Output File Name                   : "state_machine_example"
Output Format                      : NGC
Target Device                      : xa6slx9-3-ftg256

---- Source Options
Top Module Name                    : state_machine_example
Automatic FSM Extraction           : YES
FSM Encoding Algorithm             : Auto
Safe Implementation                : No
FSM Style                          : LUT
RAM Extraction                     : Yes
RAM Style                          : Auto
ROM Extraction                     : Yes
Shift Register Extraction          : YES
ROM Style                          : Auto
Resource Sharing                   : YES
Asynchronous To Synchronous        : NO
Shift Register Minimum Size        : 2
Use DSP Block                      : Auto
Automatic Register Balancing       : No

---- Target Options
LUT Combining                      : Auto
Reduce Control Sets                : Auto
Add IO Buffers                     : YES
Global Maximum Fanout              : 100000
Add Generic Clock Buffer(BUFG)     : 16
Register Duplication               : YES
Optimize Instantiated Primitives   : NO
Use Clock Enable                   : Auto
Use Synchronous Set                : Auto
Use Synchronous Reset              : Auto
Pack IO Registers into IOBs        : Auto
Equivalent register Removal        : YES

---- General Options
Optimization Goal                  : Speed
Optimization Effort                : 1
Power Reduction                    : NO
Keep Hierarchy                     : No
Netlist Hierarchy                  : As_Optimized
RTL Output                         : Yes
Global Optimization                : AllClockNets
Read Cores                         : YES
Write Timing Constraints           : NO
Cross Clock Analysis               : NO
Hierarchy Separator                : /
Bus Delimiter                      : <>
Case Specifier                     : Maintain
Slice Utilization Ratio            : 100
BRAM Utilization Ratio             : 100
DSP48 Utilization Ratio            : 100
Auto BRAM Packing                  : NO
Slice Utilization Ratio Delta      : 5

=========================================================================


=========================================================================
*                          HDL Parsing                                  *
=========================================================================
Parsing VHDL file "/home/s0lid/Sources/edu.fpga.xilinx.cpu.8bit/cpu/state_machine_example.vhd" into library work
Parsing entity <state_machine_example>.
Parsing architecture <Behavioral> of entity <state_machine_example>.

=========================================================================
*                            HDL Elaboration                            *
=========================================================================

Elaborating entity <state_machine_example> (architecture <Behavioral>) from library <work>.
WARNING:HDLCompiler:92 - "/home/s0lid/Sources/edu.fpga.xilinx.cpu.8bit/cpu/state_machine_example.vhd" Line 50: s_next should be on the sensitivity list of the process

=========================================================================
*                           HDL Synthesis                               *
=========================================================================

Synthesizing Unit <state_machine_example>.
    Related source file is "/home/s0lid/Sources/edu.fpga.xilinx.cpu.8bit/cpu/state_machine_example.vhd".
WARNING:Xst:647 - Input <s> is never used. This port will be preserved and left unconnected if it belongs to a top-level block or it belongs to a sub-block and the hierarchy of this sub-block is preserved.
    Found 1-bit register for signal <run>.
    Found 1-bit register for signal <t_current>.
    Found 1-bit register for signal <dummy>.
    Found 1-bit register for signal <tx>.
    Found 1-bit register for signal <t_next>.
    Found 8-bit register for signal <cnt>.
    Found 1-bit register for signal <s_current>.
    Found 8-bit adder for signal <cnt[7]_GND_3_o_add_1_OUT> created at line 79.
    Summary:
	inferred   1 Adder/Subtractor(s).
	inferred  14 D-type flip-flop(s).
Unit <state_machine_example> synthesized.

=========================================================================
HDL Synthesis Report

Macro Statistics
# Adders/Subtractors                                   : 1
 8-bit adder                                           : 1
# Registers                                            : 7
 1-bit register                                        : 6
 8-bit register                                        : 1
# Xors                                                 : 2
 1-bit xor2                                            : 2

=========================================================================

=========================================================================
*                       Advanced HDL Synthesis                          *
=========================================================================


Synthesizing (advanced) Unit <state_machine_example>.
The following registers are absorbed into counter <cnt>: 1 register on signal <cnt>.
Unit <state_machine_example> synthesized (advanced).

=========================================================================
Advanced HDL Synthesis Report

Macro Statistics
# Counters                                             : 1
 8-bit up counter                                      : 1
# Registers                                            : 6
 Flip-Flops                                            : 6
# Xors                                                 : 2
 1-bit xor2                                            : 2

=========================================================================

=========================================================================
*                         Low Level Synthesis                           *
=========================================================================
WARNING:Xst:2170 - Unit state_machine_example : the following signal(s) form a combinatorial loop: s_next.

Optimizing unit <state_machine_example> ...

Mapping all equations...
Building and optimizing final netlist ...
Found area constraint ratio of 100 (+ 5) on block state_machine_example, actual ratio is 0.

Final Macro Processing ...

=========================================================================
Final Register Report

Macro Statistics
# Registers                                            : 14
 Flip-Flops                                            : 14

=========================================================================

=========================================================================
*                           Partition Report                            *
=========================================================================

Partition Implementation Status
-------------------------------

  No Partitions were found in this design.

-------------------------------

=========================================================================
*                            Design Summary                             *
=========================================================================

Top Level Output File Name         : state_machine_example.ngc

Primitive and Black Box Usage:
------------------------------
# BELS                             : 31
#      GND                         : 1
#      INV                         : 2
#      LUT1                        : 7
#      LUT3                        : 2
#      LUT5                        : 1
#      LUT6                        : 2
#      MUXCY                       : 7
#      VCC                         : 1
#      XORCY                       : 8
# FlipFlops/Latches                : 14
#      FD                          : 1
#      FD_1                        : 4
#      FDE                         : 9
# Clock Buffers                    : 1
#      BUFGP                       : 1
# IO Buffers                       : 2
#      OBUF                        : 2

Device utilization summary:
---------------------------

Selected Device : xa6slx9ftg256-3 


Slice Logic Utilization: 
 Number of Slice Registers:              14  out of  11440     0%  
 Number of Slice LUTs:                   14  out of   5720     0%  
    Number used as Logic:                14  out of   5720     0%  

Slice Logic Distribution: 
 Number of LUT Flip Flop pairs used:     17
   Number with an unused Flip Flop:       3  out of     17    17%  
   Number with an unused LUT:             3  out of     17    17%  
   Number of fully used LUT-FF pairs:    11  out of     17    64%  
   Number of unique control sets:         2

IO Utilization: 
 Number of IOs:                           4
 Number of bonded IOBs:                   3  out of    186     1%  

Specific Feature Utilization:
 Number of BUFG/BUFGCTRLs:                1  out of     16     6%  

---------------------------
Partition Resource Summary:
---------------------------

  No Partitions were found in this design.

---------------------------


=========================================================================
Timing Report

NOTE: THESE TIMING NUMBERS ARE ONLY A SYNTHESIS ESTIMATE.
      FOR ACCURATE TIMING INFORMATION PLEASE REFER TO THE TRACE REPORT
      GENERATED AFTER PLACE-and-ROUTE.

Clock Information:
------------------
-----------------------------------+------------------------+-------+
Clock Signal                       | Clock buffer(FF name)  | Load  |
-----------------------------------+------------------------+-------+
clk                                | BUFGP                  | 14    |
-----------------------------------+------------------------+-------+

Asynchronous Control Signals Information:
----------------------------------------
No asynchronous control signals found in this design

Timing Summary:
---------------
Speed Grade: -3

   Minimum period: 3.303ns (Maximum Frequency: 302.792MHz)
   Minimum input arrival time before clock: No path found
   Maximum output required time after clock: 3.597ns
   Maximum combinational path delay: No path found

Timing Details:
---------------
All values displayed in nanoseconds (ns)

=========================================================================
Timing constraint: Default period analysis for Clock 'clk'
  Clock period: 3.303ns (frequency: 302.792MHz)
  Total number of paths / destination ports: 69 / 22
-------------------------------------------------------------------------
Delay:               1.651ns (Levels of Logic = 0)
  Source:            run (FF)
  Destination:       tx (FF)
  Source Clock:      clk falling
  Destination Clock: clk rising

  Data Path: run to tx
                                Gate     Net
    Cell:in->out      fanout   Delay   Delay  Logical Name (Net Name)
    ----------------------------------------  ------------
     FD_1:C->Q            11   0.447   0.882  run (run)
     FDE:CE                    0.322          tx
    ----------------------------------------
    Total                      1.651ns (0.769ns logic, 0.882ns route)
                                       (46.6% logic, 53.4% route)

=========================================================================
Timing constraint: Default OFFSET OUT AFTER for Clock 'clk'
  Total number of paths / destination ports: 2 / 2
-------------------------------------------------------------------------
Offset:              3.597ns (Levels of Logic = 1)
  Source:            tx (FF)
  Destination:       tx (PAD)
  Source Clock:      clk rising

  Data Path: tx to tx
                                Gate     Net
    Cell:in->out      fanout   Delay   Delay  Logical Name (Net Name)
    ----------------------------------------  ------------
     FDE:C->Q              1   0.447   0.579  tx (tx_OBUF)
     OBUF:I->O                 2.571          tx_OBUF (tx)
    ----------------------------------------
    Total                      3.597ns (3.018ns logic, 0.579ns route)
                                       (83.9% logic, 16.1% route)

=========================================================================

Cross Clock Domains Report:
--------------------------

Clock to Setup on destination clock clk
---------------+---------+---------+---------+---------+
               | Src:Rise| Src:Fall| Src:Rise| Src:Fall|
Source Clock   |Dest:Rise|Dest:Rise|Dest:Fall|Dest:Fall|
---------------+---------+---------+---------+---------+
clk            |    2.646|    1.651|    1.739|         |
---------------+---------+---------+---------+---------+

=========================================================================


Total REAL time to Xst completion: 6.00 secs
Total CPU time to Xst completion: 5.63 secs
 
--> 


Total memory usage is 587884 kilobytes

Number of errors   :    0 (   0 filtered)
Number of warnings :    3 (   0 filtered)
Number of infos    :    0 (   0 filtered)

